Using pre-set license
Built from '2020.3/release' branch; Version is '2020.3.2f1 (8fd9074bf66c) revision 9427207'; Using compiler version '192528614'; Build Type 'Release'
OS: 'Windows 10 Home; OS build 19042.928; Version 2009; 64bit' Language: 'es' Physical Memory: 8044 MB
BatchMode: 1, IsHumanControllingUs: 0, StartBugReporterOnCrash: 0, Is64bit: 1, IsPro: 0

 COMMAND LINE ARGUMENTS:
C:\Program Files\Unity\Hub\Editor\2020.3.2f1\Editor\Unity.exe
-adb2
-batchMode
-noUpm
-name
AssetImportWorker0
-projectPath
C:/Users/macue/Documents/cursosTecnoFem/CURSO Videojuegos/MPVJ/Diamond/Diamond
-logFile
Logs/AssetImportWorker0.log
-srvPort
61147
Successfully changed project path to: C:/Users/macue/Documents/cursosTecnoFem/CURSO Videojuegos/MPVJ/Diamond/Diamond
C:/Users/macue/Documents/cursosTecnoFem/CURSO Videojuegos/MPVJ/Diamond/Diamond
Using Asset Import Pipeline V2.
Refreshing native plugins compatible for Editor in 38.35 ms, found 0 plugins.
Preloading 0 native plugins for Editor in 0.00 ms.
Initialize engine version: 2020.3.2f1 (8fd9074bf66c)
[Subsystems] Discovering subsystems at path C:/Program Files/Unity/Hub/Editor/2020.3.2f1/Editor/Data/Resources/UnitySubsystems
[Subsystems] Discovering subsystems at path C:/Users/macue/Documents/cursosTecnoFem/CURSO Videojuegos/MPVJ/Diamond/Diamond/Assets
GfxDevice: creating device client; threaded=0
Direct3D:
    Version:  Direct3D 11.0 [level 11.1]
    Renderer: NVIDIA GeForce GTX 1650 (ID=0x1f91)
    Vendor:   
    VRAM:     3962 MB
    Driver:   26.21.14.3187
Shader 'Universal Render Pipeline/Particles/Lit': fallback shader 'Universal Render Pipeline/Particles/SimpleLit' not found
Initialize mono
Mono path[0] = 'C:/Program Files/Unity/Hub/Editor/2020.3.2f1/Editor/Data/Managed'
Mono path[1] = 'C:/Program Files/Unity/Hub/Editor/2020.3.2f1/Editor/Data/MonoBleedingEdge/lib/mono/unityjit'
Mono config path = 'C:/Program Files/Unity/Hub/Editor/2020.3.2f1/Editor/Data/MonoBleedingEdge/etc'
Using monoOptions --debugger-agent=transport=dt_socket,embedding=1,server=y,suspend=n,address=127.0.0.1:56612
Begin MonoManager ReloadAssembly
Registering precompiled unity dll's ...
Register platform support module: C:/Program Files/Unity/Hub/Editor/2020.3.2f1/Editor/Data/PlaybackEngines/WindowsStandaloneSupport/UnityEditor.WindowsStandalone.Extensions.dll
Registered in 0.001794 seconds.
Native extension for WindowsStandalone target not found
Refreshing native plugins compatible for Editor in 38.27 ms, found 0 plugins.
Preloading 0 native plugins for Editor in 0.00 ms.
Invoked RoslynAnalysisRunner static constructor.
RoslynAnalysisRunner will not be running.
RoslynAnalysisRunner has terminated.
Mono: successfully reloaded assembly
- Completed reload, in  1.742 seconds
Platform modules already initialized, skipping
Registering precompiled user dll's ...
Registered in 0.001320 seconds.
Begin MonoManager ReloadAssembly
Native extension for WindowsStandalone target not found
Refreshing native plugins compatible for Editor in 38.42 ms, found 0 plugins.
Preloading 0 native plugins for Editor in 0.00 ms.
Invoked RoslynAnalysisRunner static constructor.
RoslynAnalysisRunner will not be running.
RoslynAnalysisRunner has terminated.
Mono: successfully reloaded assembly
- Completed reload, in  0.886 seconds
Platform modules already initialized, skipping
========================================================================
Worker process is ready to serve import requests
Shader 'Universal Render Pipeline/Particles/Lit': fallback shader 'Universal Render Pipeline/Particles/SimpleLit' not found
Launched and connected shader compiler UnityShaderCompiler.exe after 0.04 seconds
Refreshing native plugins compatible for Editor in 0.36 ms, found 0 plugins.
Preloading 0 native plugins for Editor in 0.00 ms.
Unloading 2379 Unused Serialized files (Serialized files now loaded: 0)
System memory in use before: 110.9 MB.
System memory in use after: 111.1 MB.

Unloading 11 unused Assets to reduce memory usage. Loaded Objects now: 2826.
Total: 2.343200 ms (FindLiveObjects: 0.337300 ms CreateObjectMapping: 0.182100 ms MarkObjects: 1.747000 ms  DeleteObjects: 0.075700 ms)

========================================================================
Received Import Request.
  path: Assets/Prefabs/diamante Variant.prefab
  artifactKey: Guid(5a0795c2486e826448d815f4cc508a0c) Importer(815301076,1909f56bfc062723c751e8b465ee728b)
Start importing Assets/Prefabs/diamante Variant.prefab using Guid(5a0795c2486e826448d815f4cc508a0c) Importer(815301076,1909f56bfc062723c751e8b465ee728b)  -> (artifact id: 'ccbbbe25da18d43fcbdb19ac762ebe11') in 0.119570 seconds
  Import took 0.126694 seconds .

========================================================================
Received Import Request.
  Time since last request: 5.057760 seconds.
  path: Assets/Prefabs/diamante Variant.prefab
  artifactKey: Guid(5a0795c2486e826448d815f4cc508a0c) Importer(815301076,1909f56bfc062723c751e8b465ee728b)
Start importing Assets/Prefabs/diamante Variant.prefab using Guid(5a0795c2486e826448d815f4cc508a0c) Importer(815301076,1909f56bfc062723c751e8b465ee728b)  -> (artifact id: '1f4959a8177d009fd6dcdba485ef5950') in 0.015874 seconds
  Import took 0.019647 seconds .

========================================================================
Received Import Request.
  Time since last request: 10.511177 seconds.
  path: Assets/Prefabs/Cube.prefab
  artifactKey: Guid(9d0d970d0a5d53d4b846552765314455) Importer(815301076,1909f56bfc062723c751e8b465ee728b)
Start importing Assets/Prefabs/Cube.prefab using Guid(9d0d970d0a5d53d4b846552765314455) Importer(815301076,1909f56bfc062723c751e8b465ee728b)  -> (artifact id: '2495455fd94fee18d50cf8f79f5839e7') in 0.020739 seconds
  Import took 0.026410 seconds .

========================================================================
Received Import Request.
  Time since last request: 3.622539 seconds.
  path: Assets/Prefabs/Cube.prefab
  artifactKey: Guid(9d0d970d0a5d53d4b846552765314455) Importer(815301076,1909f56bfc062723c751e8b465ee728b)
Start importing Assets/Prefabs/Cube.prefab using Guid(9d0d970d0a5d53d4b846552765314455) Importer(815301076,1909f56bfc062723c751e8b465ee728b)  -> (artifact id: 'a4227df057df12bebb4b8bb417067365') in 0.019126 seconds
  Import took 0.024815 seconds .

========================================================================
Received Import Request.
  Time since last request: 3.012371 seconds.
  path: Assets/Prefabs/Cube.prefab
  artifactKey: Guid(9d0d970d0a5d53d4b846552765314455) Importer(815301076,1909f56bfc062723c751e8b465ee728b)
Start importing Assets/Prefabs/Cube.prefab using Guid(9d0d970d0a5d53d4b846552765314455) Importer(815301076,1909f56bfc062723c751e8b465ee728b)  -> (artifact id: 'b61fce47e84d0cb318208a6470ba4fd6') in 0.022731 seconds
  Import took 0.026995 seconds .

========================================================================
Received Import Request.
  Time since last request: 12.170590 seconds.
  path: Assets/Prefabs/Enemy.prefab
  artifactKey: Guid(835b639c60d9fff42960e4f06353cdeb) Importer(815301076,1909f56bfc062723c751e8b465ee728b)
Start importing Assets/Prefabs/Enemy.prefab using Guid(835b639c60d9fff42960e4f06353cdeb) Importer(815301076,1909f56bfc062723c751e8b465ee728b)  -> (artifact id: 'fd1d6b0eb919fbe90b835d4d4c01fc3f') in 0.017240 seconds
  Import took 0.022697 seconds .

========================================================================
Received Import Request.
  Time since last request: 3.624811 seconds.
  path: Assets/Prefabs/Enemy.prefab
  artifactKey: Guid(835b639c60d9fff42960e4f06353cdeb) Importer(815301076,1909f56bfc062723c751e8b465ee728b)
Start importing Assets/Prefabs/Enemy.prefab using Guid(835b639c60d9fff42960e4f06353cdeb) Importer(815301076,1909f56bfc062723c751e8b465ee728b)  -> (artifact id: 'baa296cdaa46422175860ae49f83fde9') in 0.016882 seconds
  Import took 0.020955 seconds .

========================================================================
Received Import Request.
  Time since last request: 3.010747 seconds.
  path: Assets/Prefabs/Enemy.prefab
  artifactKey: Guid(835b639c60d9fff42960e4f06353cdeb) Importer(815301076,1909f56bfc062723c751e8b465ee728b)
Start importing Assets/Prefabs/Enemy.prefab using Guid(835b639c60d9fff42960e4f06353cdeb) Importer(815301076,1909f56bfc062723c751e8b465ee728b)  -> (artifact id: '4caa02053b31ed2e9308c5088fd617b6') in 0.012012 seconds
  Import took 0.017531 seconds .

========================================================================
Received Prepare
Registering precompiled user dll's ...
Registered in 0.001327 seconds.
Begin MonoManager ReloadAssembly
Native extension for WindowsStandalone target not found
Refreshing native plugins compatible for Editor in 0.49 ms, found 0 plugins.
Preloading 0 native plugins for Editor in 0.00 ms.
Invoked RoslynAnalysisRunner static constructor.
RoslynAnalysisRunner will not be running.
RoslynAnalysisRunner has terminated.
Mono: successfully reloaded assembly
- Completed reload, in  0.835 seconds
Platform modules already initialized, skipping
Switching build target platform(5) subTarget(0) extendedPlatform(0) -> platform(13) subTarget(537395200) extendedPlatform(0)
Shader 'Universal Render Pipeline/Particles/Lit': fallback shader 'Universal Render Pipeline/Particles/SimpleLit' not found
Refreshing native plugins compatible for Editor in 0.35 ms, found 0 plugins.
Preloading 0 native plugins for Editor in 0.00 ms.
Unloading 2322 Unused Serialized files (Serialized files now loaded: 0)
System memory in use before: 107.1 MB.
System memory in use after: 107.3 MB.

Unloading 7 unused Assets to reduce memory usage. Loaded Objects now: 2838.
Total: 7.136400 ms (FindLiveObjects: 0.794600 ms CreateObjectMapping: 0.527400 ms MarkObjects: 5.695600 ms  DeleteObjects: 0.114600 ms)

AssetImportParameters requested are different than current active one (requested -> active):
  custom:graphics/normal-map-encoding: 01000000000000000000000000000000 -> 02000000000000000000000000000000
========================================================================
Received Prepare
Registering precompiled user dll's ...
Registered in 0.001270 seconds.
Begin MonoManager ReloadAssembly
Native extension for WindowsStandalone target not found
Refreshing native plugins compatible for Editor in 0.36 ms, found 0 plugins.
Preloading 0 native plugins for Editor in 0.00 ms.
Invoked RoslynAnalysisRunner static constructor.
RoslynAnalysisRunner will not be running.
RoslynAnalysisRunner has terminated.
Mono: successfully reloaded assembly
- Completed reload, in  0.812 seconds
Platform modules already initialized, skipping
Switching build target platform(5) subTarget(0) extendedPlatform(0) -> platform(13) subTarget(537395200) extendedPlatform(0)
Shader 'Universal Render Pipeline/Particles/Lit': fallback shader 'Universal Render Pipeline/Particles/SimpleLit' not found
Refreshing native plugins compatible for Editor in 0.35 ms, found 0 plugins.
Preloading 0 native plugins for Editor in 0.00 ms.
Unloading 2322 Unused Serialized files (Serialized files now loaded: 0)
System memory in use before: 107.2 MB.
System memory in use after: 107.4 MB.

Unloading 6 unused Assets to reduce memory usage. Loaded Objects now: 2841.
Total: 6.309700 ms (FindLiveObjects: 0.590100 ms CreateObjectMapping: 0.531900 ms MarkObjects: 5.059300 ms  DeleteObjects: 0.125300 ms)

AssetImportParameters requested are different than current active one (requested -> active):
  custom:graphics/normal-map-encoding: 01000000000000000000000000000000 -> 02000000000000000000000000000000
========================================================================
Received Prepare
Registering precompiled user dll's ...
Registered in 0.001274 seconds.
Begin MonoManager ReloadAssembly
Native extension for WindowsStandalone target not found
Refreshing native plugins compatible for Editor in 0.38 ms, found 0 plugins.
Preloading 0 native plugins for Editor in 0.00 ms.
Invoked RoslynAnalysisRunner static constructor.
RoslynAnalysisRunner will not be running.
RoslynAnalysisRunner has terminated.
Mono: successfully reloaded assembly
- Completed reload, in  0.809 seconds
Platform modules already initialized, skipping
Switching build target platform(5) subTarget(0) extendedPlatform(0) -> platform(13) subTarget(537395200) extendedPlatform(0)
Shader 'Universal Render Pipeline/Particles/Lit': fallback shader 'Universal Render Pipeline/Particles/SimpleLit' not found
Refreshing native plugins compatible for Editor in 0.35 ms, found 0 plugins.
Preloading 0 native plugins for Editor in 0.00 ms.
Unloading 2322 Unused Serialized files (Serialized files now loaded: 0)
System memory in use before: 107.2 MB.
System memory in use after: 107.4 MB.

Unloading 6 unused Assets to reduce memory usage. Loaded Objects now: 2844.
Total: 5.689400 ms (FindLiveObjects: 0.560200 ms CreateObjectMapping: 0.395600 ms MarkObjects: 4.616800 ms  DeleteObjects: 0.113900 ms)

AssetImportParameters requested are different than current active one (requested -> active):
  custom:graphics/normal-map-encoding: 01000000000000000000000000000000 -> 02000000000000000000000000000000
========================================================================
Received Prepare
Registering precompiled user dll's ...
Registered in 0.001319 seconds.
Begin MonoManager ReloadAssembly
Native extension for WindowsStandalone target not found
Refreshing native plugins compatible for Editor in 0.38 ms, found 0 plugins.
Preloading 0 native plugins for Editor in 0.00 ms.
Invoked RoslynAnalysisRunner static constructor.
RoslynAnalysisRunner will not be running.
RoslynAnalysisRunner has terminated.
Mono: successfully reloaded assembly
- Completed reload, in  0.821 seconds
Platform modules already initialized, skipping
Switching build target platform(5) subTarget(0) extendedPlatform(0) -> platform(13) subTarget(537395200) extendedPlatform(0)
Shader 'Universal Render Pipeline/Particles/Lit': fallback shader 'Universal Render Pipeline/Particles/SimpleLit' not found
Refreshing native plugins compatible for Editor in 0.35 ms, found 0 plugins.
Preloading 0 native plugins for Editor in 0.00 ms.
Unloading 2322 Unused Serialized files (Serialized files now loaded: 0)
System memory in use before: 107.2 MB.
System memory in use after: 107.4 MB.

Unloading 6 unused Assets to reduce memory usage. Loaded Objects now: 2847.
Total: 2.260700 ms (FindLiveObjects: 0.329900 ms CreateObjectMapping: 0.180800 ms MarkObjects: 1.700200 ms  DeleteObjects: 0.048500 ms)

AssetImportParameters requested are different than current active one (requested -> active):
  custom:graphics/normal-map-encoding: 01000000000000000000000000000000 -> 02000000000000000000000000000000
========================================================================
Received Prepare
Registering precompiled user dll's ...
Registered in 0.001304 seconds.
Begin MonoManager ReloadAssembly
Native extension for WindowsStandalone target not found
Refreshing native plugins compatible for Editor in 0.35 ms, found 0 plugins.
Preloading 0 native plugins for Editor in 0.00 ms.
Invoked RoslynAnalysisRunner static constructor.
RoslynAnalysisRunner will not be running.
RoslynAnalysisRunner has terminated.
Mono: successfully reloaded assembly
- Completed reload, in  0.889 seconds
Platform modules already initialized, skipping
Switching build target platform(5) subTarget(0) extendedPlatform(0) -> platform(13) subTarget(537395200) extendedPlatform(0)
Shader 'Universal Render Pipeline/Particles/Lit': fallback shader 'Universal Render Pipeline/Particles/SimpleLit' not found
Refreshing native plugins compatible for Editor in 0.36 ms, found 0 plugins.
Preloading 0 native plugins for Editor in 0.00 ms.
Unloading 2322 Unused Serialized files (Serialized files now loaded: 0)
System memory in use before: 107.1 MB.
System memory in use after: 107.3 MB.

Unloading 6 unused Assets to reduce memory usage. Loaded Objects now: 2850.
Total: 2.258800 ms (FindLiveObjects: 0.271300 ms CreateObjectMapping: 0.136400 ms MarkObjects: 1.799600 ms  DeleteObjects: 0.050500 ms)

AssetImportParameters requested are different than current active one (requested -> active):
  custom:graphics/normal-map-encoding: 01000000000000000000000000000000 -> 02000000000000000000000000000000
========================================================================
Received Import Request.
  Time since last request: 834.188450 seconds.
  path: Assets/Scripts/Diamond.cs
  artifactKey: Guid(85614c2e6139d5d4a84e80623236e2c4) Importer(815301076,1909f56bfc062723c751e8b465ee728b)
Start importing Assets/Scripts/Diamond.cs using Guid(85614c2e6139d5d4a84e80623236e2c4) Importer(815301076,1909f56bfc062723c751e8b465ee728b)  -> (artifact id: '06dcb933cb94a5fa723a91e99ac20934') in 0.021171 seconds
  Import took 0.026261 seconds .

========================================================================
Received Import Request.
  Time since last request: 8.375460 seconds.
  path: Assets/Scripts/Puntaje1.cs
  artifactKey: Guid(80b620abf4f2ec445aa12e6f29339051) Importer(815301076,1909f56bfc062723c751e8b465ee728b)
Start importing Assets/Scripts/Puntaje1.cs using Guid(80b620abf4f2ec445aa12e6f29339051) Importer(815301076,1909f56bfc062723c751e8b465ee728b)  -> (artifact id: 'f434043d43603e446f15cbe5b95a5839') in 0.006723 seconds
  Import took 0.012074 seconds .

========================================================================
Received Prepare
Registering precompiled user dll's ...
Registered in 0.001288 seconds.
Begin MonoManager ReloadAssembly
Native extension for WindowsStandalone target not found
Refreshing native plugins compatible for Editor in 0.38 ms, found 0 plugins.
Preloading 0 native plugins for Editor in 0.00 ms.
Invoked RoslynAnalysisRunner static constructor.
RoslynAnalysisRunner will not be running.
RoslynAnalysisRunner has terminated.
Mono: successfully reloaded assembly
- Completed reload, in  0.848 seconds
Platform modules already initialized, skipping
Switching build target platform(5) subTarget(0) extendedPlatform(0) -> platform(13) subTarget(537395200) extendedPlatform(0)
Shader 'Universal Render Pipeline/Particles/Lit': fallback shader 'Universal Render Pipeline/Particles/SimpleLit' not found
Refreshing native plugins compatible for Editor in 0.36 ms, found 0 plugins.
Preloading 0 native plugins for Editor in 0.00 ms.
Unloading 2322 Unused Serialized files (Serialized files now loaded: 0)
System memory in use before: 107.2 MB.
System memory in use after: 107.4 MB.

Unloading 6 unused Assets to reduce memory usage. Loaded Objects now: 2853.
Total: 2.521300 ms (FindLiveObjects: 0.456300 ms CreateObjectMapping: 0.171800 ms MarkObjects: 1.826200 ms  DeleteObjects: 0.065500 ms)

AssetImportParameters requested are different than current active one (requested -> active):
  custom:graphics/normal-map-encoding: 01000000000000000000000000000000 -> 02000000000000000000000000000000
========================================================================
Received Import Request.
  Time since last request: 523.288804 seconds.
  path: Assets/Scripts/Puntaje1.cs
  artifactKey: Guid(80b620abf4f2ec445aa12e6f29339051) Importer(815301076,1909f56bfc062723c751e8b465ee728b)
Start importing Assets/Scripts/Puntaje1.cs using Guid(80b620abf4f2ec445aa12e6f29339051) Importer(815301076,1909f56bfc062723c751e8b465ee728b)  -> (artifact id: 'e2d003784a5a9e0dc8397dd931c7aec1') in 0.005705 seconds
  Import took 0.009759 seconds .

========================================================================
Received Import Request.
  Time since last request: 0.871196 seconds.
  path: Assets/Scripts/Puntaje1.cs
  artifactKey: Guid(80b620abf4f2ec445aa12e6f29339051) Importer(815301076,1909f56bfc062723c751e8b465ee728b)
Start importing Assets/Scripts/Puntaje1.cs using Guid(80b620abf4f2ec445aa12e6f29339051) Importer(815301076,1909f56bfc062723c751e8b465ee728b)  -> (artifact id: 'e2d003784a5a9e0dc8397dd931c7aec1') in 0.001752 seconds
  Import took 0.005197 seconds .

========================================================================
Received Prepare
Registering precompiled user dll's ...
Registered in 0.001310 seconds.
Begin MonoManager ReloadAssembly
Native extension for WindowsStandalone target not found
Refreshing native plugins compatible for Editor in 0.38 ms, found 0 plugins.
Preloading 0 native plugins for Editor in 0.00 ms.
Invoked RoslynAnalysisRunner static constructor.
RoslynAnalysisRunner will not be running.
RoslynAnalysisRunner has terminated.
Mono: successfully reloaded assembly
- Completed reload, in  0.822 seconds
Platform modules already initialized, skipping
Switching build target platform(5) subTarget(0) extendedPlatform(0) -> platform(13) subTarget(537395200) extendedPlatform(0)
Shader 'Universal Render Pipeline/Particles/Lit': fallback shader 'Universal Render Pipeline/Particles/SimpleLit' not found
Refreshing native plugins compatible for Editor in 0.35 ms, found 0 plugins.
Preloading 0 native plugins for Editor in 0.00 ms.
Unloading 2322 Unused Serialized files (Serialized files now loaded: 0)
System memory in use before: 107.3 MB.
System memory in use after: 107.4 MB.

Unloading 6 unused Assets to reduce memory usage. Loaded Objects now: 2856.
Total: 2.563700 ms (FindLiveObjects: 0.449800 ms CreateObjectMapping: 0.337700 ms MarkObjects: 1.715300 ms  DeleteObjects: 0.059000 ms)

AssetImportParameters requested are different than current active one (requested -> active):
  custom:graphics/normal-map-encoding: 01000000000000000000000000000000 -> 02000000000000000000000000000000
