Using pre-set license
Built from '2020.3/release' branch; Version is '2020.3.2f1 (8fd9074bf66c) revision 9427207'; Using compiler version '192528614'; Build Type 'Release'
OS: 'Windows 10 Home; OS build 19042.928; Version 2009; 64bit' Language: 'es' Physical Memory: 8044 MB
BatchMode: 1, IsHumanControllingUs: 0, StartBugReporterOnCrash: 0, Is64bit: 1, IsPro: 0

 COMMAND LINE ARGUMENTS:
C:\Program Files\Unity\Hub\Editor\2020.3.2f1\Editor\Unity.exe
-adb2
-batchMode
-noUpm
-name
AssetImportWorker0
-projectPath
C:/Users/macue/Documents/cursosTecnoFem/CURSO Videojuegos/MPVJ/Diamond/Diamond
-logFile
Logs/AssetImportWorker0.log
-srvPort
50411
Successfully changed project path to: C:/Users/macue/Documents/cursosTecnoFem/CURSO Videojuegos/MPVJ/Diamond/Diamond
C:/Users/macue/Documents/cursosTecnoFem/CURSO Videojuegos/MPVJ/Diamond/Diamond
Using Asset Import Pipeline V2.
Refreshing native plugins compatible for Editor in 114.42 ms, found 0 plugins.
Preloading 0 native plugins for Editor in 0.00 ms.
Initialize engine version: 2020.3.2f1 (8fd9074bf66c)
[Subsystems] Discovering subsystems at path C:/Program Files/Unity/Hub/Editor/2020.3.2f1/Editor/Data/Resources/UnitySubsystems
[Subsystems] Discovering subsystems at path C:/Users/macue/Documents/cursosTecnoFem/CURSO Videojuegos/MPVJ/Diamond/Diamond/Assets
GfxDevice: creating device client; threaded=0
Direct3D:
    Version:  Direct3D 11.0 [level 11.1]
    Renderer: NVIDIA GeForce GTX 1650 (ID=0x1f91)
    Vendor:   
    VRAM:     3962 MB
    Driver:   26.21.14.3187
Shader 'Universal Render Pipeline/Particles/Lit': fallback shader 'Universal Render Pipeline/Particles/SimpleLit' not found
Initialize mono
Mono path[0] = 'C:/Program Files/Unity/Hub/Editor/2020.3.2f1/Editor/Data/Managed'
Mono path[1] = 'C:/Program Files/Unity/Hub/Editor/2020.3.2f1/Editor/Data/MonoBleedingEdge/lib/mono/unityjit'
Mono config path = 'C:/Program Files/Unity/Hub/Editor/2020.3.2f1/Editor/Data/MonoBleedingEdge/etc'
Using monoOptions --debugger-agent=transport=dt_socket,embedding=1,server=y,suspend=n,address=127.0.0.1:56560
Begin MonoManager ReloadAssembly
Registering precompiled unity dll's ...
Register platform support module: C:/Program Files/Unity/Hub/Editor/2020.3.2f1/Editor/Data/PlaybackEngines/WindowsStandaloneSupport/UnityEditor.WindowsStandalone.Extensions.dll
Registered in 0.004754 seconds.
Native extension for WindowsStandalone target not found
Refreshing native plugins compatible for Editor in 105.89 ms, found 0 plugins.
Preloading 0 native plugins for Editor in 0.00 ms.
Invoked RoslynAnalysisRunner static constructor.
RoslynAnalysisRunner will not be running.
RoslynAnalysisRunner has terminated.
Mono: successfully reloaded assembly
- Completed reload, in  4.534 seconds
Platform modules already initialized, skipping
Registering precompiled user dll's ...
Registered in 0.003196 seconds.
Begin MonoManager ReloadAssembly
Native extension for WindowsStandalone target not found
Refreshing native plugins compatible for Editor in 99.91 ms, found 0 plugins.
Preloading 0 native plugins for Editor in 0.00 ms.
Invoked RoslynAnalysisRunner static constructor.
RoslynAnalysisRunner will not be running.
RoslynAnalysisRunner has terminated.
Mono: successfully reloaded assembly
- Completed reload, in  2.243 seconds
Platform modules already initialized, skipping
========================================================================
Worker process is ready to serve import requests
Shader 'Universal Render Pipeline/Particles/Lit': fallback shader 'Universal Render Pipeline/Particles/SimpleLit' not found
Launched and connected shader compiler UnityShaderCompiler.exe after 0.11 seconds
Refreshing native plugins compatible for Editor in 0.75 ms, found 0 plugins.
Preloading 0 native plugins for Editor in 0.00 ms.
Unloading 2383 Unused Serialized files (Serialized files now loaded: 0)
System memory in use before: 111.2 MB.
System memory in use after: 111.3 MB.

Unloading 11 unused Assets to reduce memory usage. Loaded Objects now: 2830.
Total: 4.759400 ms (FindLiveObjects: 0.535700 ms CreateObjectMapping: 0.322400 ms MarkObjects: 3.724900 ms  DeleteObjects: 0.173900 ms)

========================================================================
Received Import Request.
  path: Assets/Prefabs/diamante Blanco.prefab
  artifactKey: Guid(01e66b58ad1b6c84093d5ed58fec7df0) Importer(815301076,1909f56bfc062723c751e8b465ee728b)
Start importing Assets/Prefabs/diamante Blanco.prefab using Guid(01e66b58ad1b6c84093d5ed58fec7df0) Importer(815301076,1909f56bfc062723c751e8b465ee728b)  -> (artifact id: '601f5c1fe21eb98b62c7adebb9891226') in 0.322994 seconds
  Import took 0.335757 seconds .

========================================================================
Received Import Request.
  Time since last request: 0.000649 seconds.
  path: Assets/Scripts/DiamondBlancoRelax.cs
  artifactKey: Guid(321c7d9def528b341b8e965001e9ab90) Importer(815301076,1909f56bfc062723c751e8b465ee728b)
Start importing Assets/Scripts/DiamondBlancoRelax.cs using Guid(321c7d9def528b341b8e965001e9ab90) Importer(815301076,1909f56bfc062723c751e8b465ee728b)  -> (artifact id: '5fb74cff466d85b97f5cb9af3bbae628') in 0.068815 seconds
  Import took 0.082357 seconds .

========================================================================
Received Import Request.
  Time since last request: 0.000799 seconds.
  path: Assets/Prefabs/diamanteSmall.prefab
  artifactKey: Guid(e1d01b02d8052b245b786fdc8d06e060) Importer(815301076,1909f56bfc062723c751e8b465ee728b)
Start importing Assets/Prefabs/diamanteSmall.prefab using Guid(e1d01b02d8052b245b786fdc8d06e060) Importer(815301076,1909f56bfc062723c751e8b465ee728b)  -> (artifact id: 'd4f9104f5f5c7caf642b08978d7528fd') in 0.055842 seconds
  Import took 0.067626 seconds .

========================================================================
Received Import Request.
  Time since last request: 50.243807 seconds.
  path: Assets/Prefabs/diamante Blanco.prefab
  artifactKey: Guid(01e66b58ad1b6c84093d5ed58fec7df0) Importer(815301076,1909f56bfc062723c751e8b465ee728b)
Start importing Assets/Prefabs/diamante Blanco.prefab using Guid(01e66b58ad1b6c84093d5ed58fec7df0) Importer(815301076,1909f56bfc062723c751e8b465ee728b)  -> (artifact id: 'e5b990b561607f6eeecdf7d695375597') in 0.032587 seconds
  Import took 0.045730 seconds .

========================================================================
Received Prepare
Registering precompiled user dll's ...
Registered in 0.002553 seconds.
Begin MonoManager ReloadAssembly
Native extension for WindowsStandalone target not found
Refreshing native plugins compatible for Editor in 0.68 ms, found 0 plugins.
Preloading 0 native plugins for Editor in 0.00 ms.
Invoked RoslynAnalysisRunner static constructor.
RoslynAnalysisRunner will not be running.
RoslynAnalysisRunner has terminated.
Mono: successfully reloaded assembly
- Completed reload, in  2.277 seconds
Platform modules already initialized, skipping
Switching build target platform(5) subTarget(0) extendedPlatform(0) -> platform(13) subTarget(537395200) extendedPlatform(0)
Shader 'Universal Render Pipeline/Particles/Lit': fallback shader 'Universal Render Pipeline/Particles/SimpleLit' not found
Refreshing native plugins compatible for Editor in 0.69 ms, found 0 plugins.
Preloading 0 native plugins for Editor in 0.00 ms.
Unloading 2326 Unused Serialized files (Serialized files now loaded: 0)
System memory in use before: 107.3 MB.
System memory in use after: 107.5 MB.

Unloading 6 unused Assets to reduce memory usage. Loaded Objects now: 2841.
Total: 6.799100 ms (FindLiveObjects: 0.798600 ms CreateObjectMapping: 0.505300 ms MarkObjects: 5.351400 ms  DeleteObjects: 0.140500 ms)

AssetImportParameters requested are different than current active one (requested -> active):
  custom:graphics/normal-map-encoding: 01000000000000000000000000000000 -> 02000000000000000000000000000000
========================================================================
Received Import Request.
  Time since last request: 63.109190 seconds.
  path: Assets/Prefabs/diamante Blanco.prefab
  artifactKey: Guid(01e66b58ad1b6c84093d5ed58fec7df0) Importer(815301076,1909f56bfc062723c751e8b465ee728b)
Start importing Assets/Prefabs/diamante Blanco.prefab using Guid(01e66b58ad1b6c84093d5ed58fec7df0) Importer(815301076,1909f56bfc062723c751e8b465ee728b)  -> (artifact id: '1cc536b165ef9f029b1f85b93f0a00ab') in 0.157802 seconds
  Import took 0.169615 seconds .

========================================================================
Received Prepare
Registering precompiled user dll's ...
Registered in 0.003068 seconds.
Begin MonoManager ReloadAssembly
Native extension for WindowsStandalone target not found
Refreshing native plugins compatible for Editor in 0.70 ms, found 0 plugins.
Preloading 0 native plugins for Editor in 0.00 ms.
Invoked RoslynAnalysisRunner static constructor.
RoslynAnalysisRunner will not be running.
RoslynAnalysisRunner has terminated.
Mono: successfully reloaded assembly
- Completed reload, in  1.853 seconds
Platform modules already initialized, skipping
Switching build target platform(5) subTarget(0) extendedPlatform(0) -> platform(13) subTarget(537395200) extendedPlatform(0)
Shader 'Universal Render Pipeline/Particles/Lit': fallback shader 'Universal Render Pipeline/Particles/SimpleLit' not found
Refreshing native plugins compatible for Editor in 0.62 ms, found 0 plugins.
Preloading 0 native plugins for Editor in 0.00 ms.
Unloading 2326 Unused Serialized files (Serialized files now loaded: 0)
System memory in use before: 107.3 MB.
System memory in use after: 107.5 MB.

Unloading 6 unused Assets to reduce memory usage. Loaded Objects now: 2845.
Total: 4.814700 ms (FindLiveObjects: 0.511100 ms CreateObjectMapping: 0.367600 ms MarkObjects: 3.823200 ms  DeleteObjects: 0.110500 ms)

AssetImportParameters requested are different than current active one (requested -> active):
  custom:graphics/normal-map-encoding: 01000000000000000000000000000000 -> 02000000000000000000000000000000
========================================================================
Received Prepare
Registering precompiled user dll's ...
Registered in 0.002219 seconds.
Begin MonoManager ReloadAssembly
Native extension for WindowsStandalone target not found
Refreshing native plugins compatible for Editor in 0.76 ms, found 0 plugins.
Preloading 0 native plugins for Editor in 0.00 ms.
Invoked RoslynAnalysisRunner static constructor.
RoslynAnalysisRunner will not be running.
RoslynAnalysisRunner has terminated.
Mono: successfully reloaded assembly
- Completed reload, in  2.078 seconds
Platform modules already initialized, skipping
Switching build target platform(5) subTarget(0) extendedPlatform(0) -> platform(13) subTarget(537395200) extendedPlatform(0)
Shader 'Universal Render Pipeline/Particles/Lit': fallback shader 'Universal Render Pipeline/Particles/SimpleLit' not found
Refreshing native plugins compatible for Editor in 0.72 ms, found 0 plugins.
Preloading 0 native plugins for Editor in 0.00 ms.
Unloading 2326 Unused Serialized files (Serialized files now loaded: 0)
System memory in use before: 107.4 MB.
System memory in use after: 107.5 MB.

Unloading 6 unused Assets to reduce memory usage. Loaded Objects now: 2848.
Total: 5.374900 ms (FindLiveObjects: 0.561500 ms CreateObjectMapping: 0.357100 ms MarkObjects: 4.348800 ms  DeleteObjects: 0.104500 ms)

AssetImportParameters requested are different than current active one (requested -> active):
  custom:graphics/normal-map-encoding: 01000000000000000000000000000000 -> 02000000000000000000000000000000
========================================================================
Received Prepare
Registering precompiled user dll's ...
Registered in 0.002021 seconds.
Begin MonoManager ReloadAssembly
Native extension for WindowsStandalone target not found
Refreshing native plugins compatible for Editor in 0.61 ms, found 0 plugins.
Preloading 0 native plugins for Editor in 0.00 ms.
Invoked RoslynAnalysisRunner static constructor.
RoslynAnalysisRunner will not be running.
RoslynAnalysisRunner has terminated.
Mono: successfully reloaded assembly
- Completed reload, in  1.663 seconds
Platform modules already initialized, skipping
Switching build target platform(5) subTarget(0) extendedPlatform(0) -> platform(13) subTarget(537395200) extendedPlatform(0)
Shader 'Universal Render Pipeline/Particles/Lit': fallback shader 'Universal Render Pipeline/Particles/SimpleLit' not found
Refreshing native plugins compatible for Editor in 0.49 ms, found 0 plugins.
Preloading 0 native plugins for Editor in 0.00 ms.
Unloading 2326 Unused Serialized files (Serialized files now loaded: 0)
System memory in use before: 107.4 MB.
System memory in use after: 107.6 MB.

Unloading 6 unused Assets to reduce memory usage. Loaded Objects now: 2851.
Total: 3.374800 ms (FindLiveObjects: 0.354900 ms CreateObjectMapping: 0.224900 ms MarkObjects: 2.699700 ms  DeleteObjects: 0.093100 ms)

AssetImportParameters requested are different than current active one (requested -> active):
  custom:graphics/normal-map-encoding: 01000000000000000000000000000000 -> 02000000000000000000000000000000
========================================================================
Received Prepare
Registering precompiled user dll's ...
Registered in 0.002014 seconds.
Begin MonoManager ReloadAssembly
Native extension for WindowsStandalone target not found
Refreshing native plugins compatible for Editor in 0.78 ms, found 0 plugins.
Preloading 0 native plugins for Editor in 0.00 ms.
Invoked RoslynAnalysisRunner static constructor.
RoslynAnalysisRunner will not be running.
RoslynAnalysisRunner has terminated.
Mono: successfully reloaded assembly
- Completed reload, in  2.042 seconds
Platform modules already initialized, skipping
Switching build target platform(5) subTarget(0) extendedPlatform(0) -> platform(13) subTarget(537395200) extendedPlatform(0)
Shader 'Universal Render Pipeline/Particles/Lit': fallback shader 'Universal Render Pipeline/Particles/SimpleLit' not found
Refreshing native plugins compatible for Editor in 0.76 ms, found 0 plugins.
Preloading 0 native plugins for Editor in 0.00 ms.
Unloading 2326 Unused Serialized files (Serialized files now loaded: 0)
System memory in use before: 107.3 MB.
System memory in use after: 107.5 MB.

Unloading 6 unused Assets to reduce memory usage. Loaded Objects now: 2854.
Total: 4.874100 ms (FindLiveObjects: 0.543700 ms CreateObjectMapping: 0.407000 ms MarkObjects: 3.795200 ms  DeleteObjects: 0.125900 ms)

AssetImportParameters requested are different than current active one (requested -> active):
  custom:graphics/normal-map-encoding: 01000000000000000000000000000000 -> 02000000000000000000000000000000
========================================================================
Received Prepare
Registering precompiled user dll's ...
Registered in 0.003147 seconds.
Begin MonoManager ReloadAssembly
Native extension for WindowsStandalone target not found
Refreshing native plugins compatible for Editor in 0.69 ms, found 0 plugins.
Preloading 0 native plugins for Editor in 0.00 ms.
Invoked RoslynAnalysisRunner static constructor.
RoslynAnalysisRunner will not be running.
RoslynAnalysisRunner has terminated.
Mono: successfully reloaded assembly
- Completed reload, in  2.162 seconds
Platform modules already initialized, skipping
Switching build target platform(5) subTarget(0) extendedPlatform(0) -> platform(13) subTarget(537395200) extendedPlatform(0)
Shader 'Universal Render Pipeline/Particles/Lit': fallback shader 'Universal Render Pipeline/Particles/SimpleLit' not found
Refreshing native plugins compatible for Editor in 0.52 ms, found 0 plugins.
Preloading 0 native plugins for Editor in 0.00 ms.
Unloading 2326 Unused Serialized files (Serialized files now loaded: 0)
System memory in use before: 107.4 MB.
System memory in use after: 107.6 MB.

Unloading 6 unused Assets to reduce memory usage. Loaded Objects now: 2857.
Total: 3.915800 ms (FindLiveObjects: 0.564900 ms CreateObjectMapping: 0.368400 ms MarkObjects: 2.899200 ms  DeleteObjects: 0.081100 ms)

AssetImportParameters requested are different than current active one (requested -> active):
  custom:graphics/normal-map-encoding: 01000000000000000000000000000000 -> 02000000000000000000000000000000
========================================================================
Received Import Request.
  Time since last request: 478.937365 seconds.
  path: Assets/Scripts/InstantiatorDiamond.cs
  artifactKey: Guid(f4d76c09bca55a64cba1b6fd54be0b93) Importer(815301076,1909f56bfc062723c751e8b465ee728b)
Start importing Assets/Scripts/InstantiatorDiamond.cs using Guid(f4d76c09bca55a64cba1b6fd54be0b93) Importer(815301076,1909f56bfc062723c751e8b465ee728b)  -> (artifact id: '1d1d88d300f448fa70adbfbfe1a9fe34') in 0.015192 seconds
  Import took 0.022067 seconds .

========================================================================
Received Import Request.
  Time since last request: 2.486274 seconds.
  path: Assets/Scripts/InstantiatorDiamond.cs
  artifactKey: Guid(f4d76c09bca55a64cba1b6fd54be0b93) Importer(815301076,1909f56bfc062723c751e8b465ee728b)
Start importing Assets/Scripts/InstantiatorDiamond.cs using Guid(f4d76c09bca55a64cba1b6fd54be0b93) Importer(815301076,1909f56bfc062723c751e8b465ee728b)  -> (artifact id: '1d1d88d300f448fa70adbfbfe1a9fe34') in 0.006160 seconds
  Import took 0.013449 seconds .

========================================================================
Received Prepare
Registering precompiled user dll's ...
Registered in 0.003106 seconds.
Begin MonoManager ReloadAssembly
Native extension for WindowsStandalone target not found
Refreshing native plugins compatible for Editor in 1.76 ms, found 0 plugins.
Preloading 0 native plugins for Editor in 0.00 ms.
Invoked RoslynAnalysisRunner static constructor.
RoslynAnalysisRunner will not be running.
RoslynAnalysisRunner has terminated.
Mono: successfully reloaded assembly
- Completed reload, in  2.360 seconds
Platform modules already initialized, skipping
Switching build target platform(5) subTarget(0) extendedPlatform(0) -> platform(13) subTarget(537395200) extendedPlatform(0)
Shader 'Universal Render Pipeline/Particles/Lit': fallback shader 'Universal Render Pipeline/Particles/SimpleLit' not found
Refreshing native plugins compatible for Editor in 1.14 ms, found 0 plugins.
Preloading 0 native plugins for Editor in 0.00 ms.
Unloading 2326 Unused Serialized files (Serialized files now loaded: 0)
System memory in use before: 107.4 MB.
System memory in use after: 107.6 MB.

Unloading 6 unused Assets to reduce memory usage. Loaded Objects now: 2860.
Total: 6.780100 ms (FindLiveObjects: 0.567800 ms CreateObjectMapping: 0.747600 ms MarkObjects: 5.309800 ms  DeleteObjects: 0.150200 ms)

AssetImportParameters requested are different than current active one (requested -> active):
  custom:graphics/normal-map-encoding: 01000000000000000000000000000000 -> 02000000000000000000000000000000
========================================================================
Received Prepare
Registering precompiled user dll's ...
Registered in 0.002073 seconds.
Begin MonoManager ReloadAssembly
Native extension for WindowsStandalone target not found
Refreshing native plugins compatible for Editor in 0.71 ms, found 0 plugins.
Preloading 0 native plugins for Editor in 0.00 ms.
Invoked RoslynAnalysisRunner static constructor.
RoslynAnalysisRunner will not be running.
RoslynAnalysisRunner has terminated.
Mono: successfully reloaded assembly
- Completed reload, in  2.039 seconds
Platform modules already initialized, skipping
Switching build target platform(5) subTarget(0) extendedPlatform(0) -> platform(13) subTarget(537395200) extendedPlatform(0)
Shader 'Universal Render Pipeline/Particles/Lit': fallback shader 'Universal Render Pipeline/Particles/SimpleLit' not found
Refreshing native plugins compatible for Editor in 0.67 ms, found 0 plugins.
Preloading 0 native plugins for Editor in 0.00 ms.
Unloading 2326 Unused Serialized files (Serialized files now loaded: 0)
System memory in use before: 107.4 MB.
System memory in use after: 107.6 MB.

Unloading 6 unused Assets to reduce memory usage. Loaded Objects now: 2863.
Total: 4.569500 ms (FindLiveObjects: 0.636700 ms CreateObjectMapping: 0.252400 ms MarkObjects: 3.576000 ms  DeleteObjects: 0.101500 ms)

AssetImportParameters requested are different than current active one (requested -> active):
  custom:graphics/normal-map-encoding: 01000000000000000000000000000000 -> 02000000000000000000000000000000
========================================================================
Received Prepare
Registering precompiled user dll's ...
Registered in 0.003195 seconds.
Begin MonoManager ReloadAssembly
Native extension for WindowsStandalone target not found
Refreshing native plugins compatible for Editor in 0.69 ms, found 0 plugins.
Preloading 0 native plugins for Editor in 0.00 ms.
Invoked RoslynAnalysisRunner static constructor.
RoslynAnalysisRunner will not be running.
RoslynAnalysisRunner has terminated.
Mono: successfully reloaded assembly
- Completed reload, in  2.238 seconds
Platform modules already initialized, skipping
Switching build target platform(5) subTarget(0) extendedPlatform(0) -> platform(13) subTarget(537395200) extendedPlatform(0)
Shader 'Universal Render Pipeline/Particles/Lit': fallback shader 'Universal Render Pipeline/Particles/SimpleLit' not found
Refreshing native plugins compatible for Editor in 0.73 ms, found 0 plugins.
Preloading 0 native plugins for Editor in 0.00 ms.
Unloading 2326 Unused Serialized files (Serialized files now loaded: 0)
System memory in use before: 107.4 MB.
System memory in use after: 107.6 MB.

Unloading 6 unused Assets to reduce memory usage. Loaded Objects now: 2866.
Total: 4.838400 ms (FindLiveObjects: 0.608400 ms CreateObjectMapping: 0.371400 ms MarkObjects: 3.755600 ms  DeleteObjects: 0.099700 ms)

AssetImportParameters requested are different than current active one (requested -> active):
  custom:graphics/normal-map-encoding: 01000000000000000000000000000000 -> 02000000000000000000000000000000
========================================================================
Received Import Request.
  Time since last request: 340.505532 seconds.
  path: Assets/Prefabs/diamante Blanco.prefab
  artifactKey: Guid(01e66b58ad1b6c84093d5ed58fec7df0) Importer(815301076,1909f56bfc062723c751e8b465ee728b)
Start importing Assets/Prefabs/diamante Blanco.prefab using Guid(01e66b58ad1b6c84093d5ed58fec7df0) Importer(815301076,1909f56bfc062723c751e8b465ee728b)  -> (artifact id: 'df218603f69485520ed3bd01d6d561a1') in 0.137870 seconds
  Import took 0.147993 seconds .

========================================================================
Received Prepare
Registering precompiled user dll's ...
Registered in 0.002049 seconds.
Begin MonoManager ReloadAssembly
Native extension for WindowsStandalone target not found
Refreshing native plugins compatible for Editor in 0.75 ms, found 0 plugins.
Preloading 0 native plugins for Editor in 0.00 ms.
Invoked RoslynAnalysisRunner static constructor.
RoslynAnalysisRunner will not be running.
RoslynAnalysisRunner has terminated.
Mono: successfully reloaded assembly
- Completed reload, in  2.127 seconds
Platform modules already initialized, skipping
Switching build target platform(5) subTarget(0) extendedPlatform(0) -> platform(13) subTarget(537395200) extendedPlatform(0)
Shader 'Universal Render Pipeline/Particles/Lit': fallback shader 'Universal Render Pipeline/Particles/SimpleLit' not found
Refreshing native plugins compatible for Editor in 0.68 ms, found 0 plugins.
Preloading 0 native plugins for Editor in 0.00 ms.
Unloading 2326 Unused Serialized files (Serialized files now loaded: 0)
System memory in use before: 107.3 MB.
System memory in use after: 107.5 MB.

Unloading 6 unused Assets to reduce memory usage. Loaded Objects now: 2870.
Total: 5.035000 ms (FindLiveObjects: 0.443100 ms CreateObjectMapping: 0.335000 ms MarkObjects: 4.158400 ms  DeleteObjects: 0.095800 ms)

AssetImportParameters requested are different than current active one (requested -> active):
  custom:graphics/normal-map-encoding: 01000000000000000000000000000000 -> 02000000000000000000000000000000
========================================================================
Received Prepare
Registering precompiled user dll's ...
Registered in 0.002057 seconds.
Begin MonoManager ReloadAssembly
Native extension for WindowsStandalone target not found
Refreshing native plugins compatible for Editor in 0.71 ms, found 0 plugins.
Preloading 0 native plugins for Editor in 0.00 ms.
Invoked RoslynAnalysisRunner static constructor.
RoslynAnalysisRunner will not be running.
RoslynAnalysisRunner has terminated.
Mono: successfully reloaded assembly
- Completed reload, in  2.367 seconds
Platform modules already initialized, skipping
Switching build target platform(5) subTarget(0) extendedPlatform(0) -> platform(13) subTarget(537395200) extendedPlatform(0)
Shader 'Universal Render Pipeline/Particles/Lit': fallback shader 'Universal Render Pipeline/Particles/SimpleLit' not found
Refreshing native plugins compatible for Editor in 0.70 ms, found 0 plugins.
Preloading 0 native plugins for Editor in 0.00 ms.
Unloading 2326 Unused Serialized files (Serialized files now loaded: 0)
System memory in use before: 107.4 MB.
System memory in use after: 107.6 MB.

Unloading 6 unused Assets to reduce memory usage. Loaded Objects now: 2873.
Total: 4.683300 ms (FindLiveObjects: 0.525000 ms CreateObjectMapping: 0.381900 ms MarkObjects: 3.691800 ms  DeleteObjects: 0.081200 ms)

AssetImportParameters requested are different than current active one (requested -> active):
  custom:graphics/normal-map-encoding: 01000000000000000000000000000000 -> 02000000000000000000000000000000
========================================================================
Received Prepare
Registering precompiled user dll's ...
Registered in 0.002239 seconds.
Begin MonoManager ReloadAssembly
Native extension for WindowsStandalone target not found
Refreshing native plugins compatible for Editor in 0.68 ms, found 0 plugins.
Preloading 0 native plugins for Editor in 0.00 ms.
Invoked RoslynAnalysisRunner static constructor.
RoslynAnalysisRunner will not be running.
RoslynAnalysisRunner has terminated.
Mono: successfully reloaded assembly
- Completed reload, in  2.139 seconds
Platform modules already initialized, skipping
Switching build target platform(5) subTarget(0) extendedPlatform(0) -> platform(13) subTarget(537395200) extendedPlatform(0)
Shader 'Universal Render Pipeline/Particles/Lit': fallback shader 'Universal Render Pipeline/Particles/SimpleLit' not found
Refreshing native plugins compatible for Editor in 0.84 ms, found 0 plugins.
Preloading 0 native plugins for Editor in 0.00 ms.
Unloading 2326 Unused Serialized files (Serialized files now loaded: 0)
System memory in use before: 107.4 MB.
System memory in use after: 107.6 MB.

Unloading 6 unused Assets to reduce memory usage. Loaded Objects now: 2876.
Total: 6.290000 ms (FindLiveObjects: 0.642400 ms CreateObjectMapping: 0.371900 ms MarkObjects: 5.142700 ms  DeleteObjects: 0.127500 ms)

AssetImportParameters requested are different than current active one (requested -> active):
  custom:graphics/normal-map-encoding: 01000000000000000000000000000000 -> 02000000000000000000000000000000
========================================================================
Received Prepare
Registering precompiled user dll's ...
Registered in 0.002360 seconds.
Begin MonoManager ReloadAssembly
Native extension for WindowsStandalone target not found
Refreshing native plugins compatible for Editor in 0.52 ms, found 0 plugins.
Preloading 0 native plugins for Editor in 0.00 ms.
Invoked RoslynAnalysisRunner static constructor.
RoslynAnalysisRunner will not be running.
RoslynAnalysisRunner has terminated.
Mono: successfully reloaded assembly
- Completed reload, in  1.620 seconds
Platform modules already initialized, skipping
Switching build target platform(5) subTarget(0) extendedPlatform(0) -> platform(13) subTarget(537395200) extendedPlatform(0)
Shader 'Universal Render Pipeline/Particles/Lit': fallback shader 'Universal Render Pipeline/Particles/SimpleLit' not found
Refreshing native plugins compatible for Editor in 0.48 ms, found 0 plugins.
Preloading 0 native plugins for Editor in 0.00 ms.
Unloading 2326 Unused Serialized files (Serialized files now loaded: 0)
System memory in use before: 107.4 MB.
System memory in use after: 107.6 MB.

Unloading 6 unused Assets to reduce memory usage. Loaded Objects now: 2879.
Total: 3.395800 ms (FindLiveObjects: 0.370200 ms CreateObjectMapping: 0.228200 ms MarkObjects: 2.720600 ms  DeleteObjects: 0.075200 ms)

AssetImportParameters requested are different than current active one (requested -> active):
  custom:graphics/normal-map-encoding: 01000000000000000000000000000000 -> 02000000000000000000000000000000
========================================================================
Received Prepare
Registering precompiled user dll's ...
Registered in 0.003176 seconds.
Begin MonoManager ReloadAssembly
Native extension for WindowsStandalone target not found
Refreshing native plugins compatible for Editor in 0.68 ms, found 0 plugins.
Preloading 0 native plugins for Editor in 0.00 ms.
Invoked RoslynAnalysisRunner static constructor.
RoslynAnalysisRunner will not be running.
RoslynAnalysisRunner has terminated.
Mono: successfully reloaded assembly
- Completed reload, in  2.262 seconds
Platform modules already initialized, skipping
Switching build target platform(5) subTarget(0) extendedPlatform(0) -> platform(13) subTarget(537395200) extendedPlatform(0)
Shader 'Universal Render Pipeline/Particles/Lit': fallback shader 'Universal Render Pipeline/Particles/SimpleLit' not found
Refreshing native plugins compatible for Editor in 0.92 ms, found 0 plugins.
Preloading 0 native plugins for Editor in 0.00 ms.
Unloading 2326 Unused Serialized files (Serialized files now loaded: 0)
System memory in use before: 107.4 MB.
System memory in use after: 107.6 MB.

Unloading 6 unused Assets to reduce memory usage. Loaded Objects now: 2882.
Total: 7.704000 ms (FindLiveObjects: 1.129100 ms CreateObjectMapping: 0.405900 ms MarkObjects: 5.972300 ms  DeleteObjects: 0.192000 ms)

AssetImportParameters requested are different than current active one (requested -> active):
  custom:graphics/normal-map-encoding: 01000000000000000000000000000000 -> 02000000000000000000000000000000
========================================================================
Received Prepare
Registering precompiled user dll's ...
Registered in 0.001999 seconds.
Begin MonoManager ReloadAssembly
Native extension for WindowsStandalone target not found
Refreshing native plugins compatible for Editor in 0.71 ms, found 0 plugins.
Preloading 0 native plugins for Editor in 0.00 ms.
Invoked RoslynAnalysisRunner static constructor.
RoslynAnalysisRunner will not be running.
RoslynAnalysisRunner has terminated.
Mono: successfully reloaded assembly
- Completed reload, in  2.121 seconds
Platform modules already initialized, skipping
Switching build target platform(5) subTarget(0) extendedPlatform(0) -> platform(13) subTarget(537395200) extendedPlatform(0)
Shader 'Universal Render Pipeline/Particles/Lit': fallback shader 'Universal Render Pipeline/Particles/SimpleLit' not found
Refreshing native plugins compatible for Editor in 0.70 ms, found 0 plugins.
Preloading 0 native plugins for Editor in 0.00 ms.
Unloading 2326 Unused Serialized files (Serialized files now loaded: 0)
System memory in use before: 107.3 MB.
System memory in use after: 107.5 MB.

Unloading 6 unused Assets to reduce memory usage. Loaded Objects now: 2885.
Total: 3.870100 ms (FindLiveObjects: 0.382400 ms CreateObjectMapping: 0.235900 ms MarkObjects: 3.165400 ms  DeleteObjects: 0.084300 ms)

AssetImportParameters requested are different than current active one (requested -> active):
  custom:graphics/normal-map-encoding: 01000000000000000000000000000000 -> 02000000000000000000000000000000
========================================================================
Received Prepare
Registering precompiled user dll's ...
Registered in 0.002021 seconds.
Begin MonoManager ReloadAssembly
Native extension for WindowsStandalone target not found
Refreshing native plugins compatible for Editor in 0.95 ms, found 0 plugins.
Preloading 0 native plugins for Editor in 0.00 ms.
Invoked RoslynAnalysisRunner static constructor.
RoslynAnalysisRunner will not be running.
RoslynAnalysisRunner has terminated.
Mono: successfully reloaded assembly
- Completed reload, in  2.267 seconds
Platform modules already initialized, skipping
Switching build target platform(5) subTarget(0) extendedPlatform(0) -> platform(13) subTarget(537395200) extendedPlatform(0)
Shader 'Universal Render Pipeline/Particles/Lit': fallback shader 'Universal Render Pipeline/Particles/SimpleLit' not found
Refreshing native plugins compatible for Editor in 0.68 ms, found 0 plugins.
Preloading 0 native plugins for Editor in 0.00 ms.
Unloading 2326 Unused Serialized files (Serialized files now loaded: 0)
System memory in use before: 107.4 MB.
System memory in use after: 107.6 MB.

Unloading 6 unused Assets to reduce memory usage. Loaded Objects now: 2888.
Total: 4.500200 ms (FindLiveObjects: 0.456900 ms CreateObjectMapping: 0.262900 ms MarkObjects: 3.686400 ms  DeleteObjects: 0.091600 ms)

AssetImportParameters requested are different than current active one (requested -> active):
  custom:graphics/normal-map-encoding: 01000000000000000000000000000000 -> 02000000000000000000000000000000
========================================================================
Received Import Request.
  Time since last request: 529.787171 seconds.
  path: Assets/Scripts/Diamond.cs
  artifactKey: Guid(85614c2e6139d5d4a84e80623236e2c4) Importer(815301076,1909f56bfc062723c751e8b465ee728b)
Start importing Assets/Scripts/Diamond.cs using Guid(85614c2e6139d5d4a84e80623236e2c4) Importer(815301076,1909f56bfc062723c751e8b465ee728b)  -> (artifact id: '6fdd58c12434088be26eb9af083365e0') in 0.031330 seconds
  Import took 0.042984 seconds .

========================================================================
Received Prepare
Registering precompiled user dll's ...
Registered in 0.003204 seconds.
Begin MonoManager ReloadAssembly
Native extension for WindowsStandalone target not found
Refreshing native plugins compatible for Editor in 0.71 ms, found 0 plugins.
Preloading 0 native plugins for Editor in 0.00 ms.
Invoked RoslynAnalysisRunner static constructor.
RoslynAnalysisRunner will not be running.
RoslynAnalysisRunner has terminated.
Mono: successfully reloaded assembly
- Completed reload, in  2.156 seconds
Platform modules already initialized, skipping
Switching build target platform(5) subTarget(0) extendedPlatform(0) -> platform(13) subTarget(537395200) extendedPlatform(0)
Shader 'Universal Render Pipeline/Particles/Lit': fallback shader 'Universal Render Pipeline/Particles/SimpleLit' not found
Refreshing native plugins compatible for Editor in 0.50 ms, found 0 plugins.
Preloading 0 native plugins for Editor in 0.00 ms.
Unloading 2326 Unused Serialized files (Serialized files now loaded: 0)
System memory in use before: 107.4 MB.
System memory in use after: 107.6 MB.

Unloading 6 unused Assets to reduce memory usage. Loaded Objects now: 2891.
Total: 3.488700 ms (FindLiveObjects: 0.360300 ms CreateObjectMapping: 0.211200 ms MarkObjects: 2.844000 ms  DeleteObjects: 0.071400 ms)

AssetImportParameters requested are different than current active one (requested -> active):
  custom:graphics/normal-map-encoding: 01000000000000000000000000000000 -> 02000000000000000000000000000000
========================================================================
Received Import Request.
  Time since last request: 97.749705 seconds.
  path: Assets/Scripts/Diamond.cs
  artifactKey: Guid(85614c2e6139d5d4a84e80623236e2c4) Importer(815301076,1909f56bfc062723c751e8b465ee728b)
Start importing Assets/Scripts/Diamond.cs using Guid(85614c2e6139d5d4a84e80623236e2c4) Importer(815301076,1909f56bfc062723c751e8b465ee728b)  -> (artifact id: 'cec12d6e13a735e3e0718923d9aca11e') in 0.008638 seconds
  Import took 0.015355 seconds .

========================================================================
Received Import Request.
  Time since last request: 2.588430 seconds.
  path: Assets/Scripts/Diamond.cs
  artifactKey: Guid(85614c2e6139d5d4a84e80623236e2c4) Importer(815301076,1909f56bfc062723c751e8b465ee728b)
Start importing Assets/Scripts/Diamond.cs using Guid(85614c2e6139d5d4a84e80623236e2c4) Importer(815301076,1909f56bfc062723c751e8b465ee728b)  -> (artifact id: 'cec12d6e13a735e3e0718923d9aca11e') in 0.003514 seconds
  Import took 0.010670 seconds .

========================================================================
Received Prepare
Registering precompiled user dll's ...
Registered in 0.002346 seconds.
Begin MonoManager ReloadAssembly
Native extension for WindowsStandalone target not found
Refreshing native plugins compatible for Editor in 0.71 ms, found 0 plugins.
Preloading 0 native plugins for Editor in 0.00 ms.
Invoked RoslynAnalysisRunner static constructor.
RoslynAnalysisRunner will not be running.
RoslynAnalysisRunner has terminated.
Mono: successfully reloaded assembly
- Completed reload, in  2.740 seconds
Platform modules already initialized, skipping
Switching build target platform(5) subTarget(0) extendedPlatform(0) -> platform(13) subTarget(537395200) extendedPlatform(0)
Shader 'Universal Render Pipeline/Particles/Lit': fallback shader 'Universal Render Pipeline/Particles/SimpleLit' not found
Refreshing native plugins compatible for Editor in 0.79 ms, found 0 plugins.
Preloading 0 native plugins for Editor in 0.00 ms.
Unloading 2326 Unused Serialized files (Serialized files now loaded: 0)
System memory in use before: 107.4 MB.
System memory in use after: 107.6 MB.

Unloading 6 unused Assets to reduce memory usage. Loaded Objects now: 2894.
Total: 4.549200 ms (FindLiveObjects: 0.497100 ms CreateObjectMapping: 0.362400 ms MarkObjects: 3.399200 ms  DeleteObjects: 0.287700 ms)

AssetImportParameters requested are different than current active one (requested -> active):
  custom:graphics/normal-map-encoding: 01000000000000000000000000000000 -> 02000000000000000000000000000000
========================================================================
Received Import Request.
  Time since last request: 217.307842 seconds.
  path: Assets/Prefabs/diamante Blanco.prefab
  artifactKey: Guid(01e66b58ad1b6c84093d5ed58fec7df0) Importer(815301076,1909f56bfc062723c751e8b465ee728b)
Start importing Assets/Prefabs/diamante Blanco.prefab using Guid(01e66b58ad1b6c84093d5ed58fec7df0) Importer(815301076,1909f56bfc062723c751e8b465ee728b)  -> (artifact id: 'dcec707ca60f5b9d13aad102de6fbdcf') in 0.144168 seconds
  Import took 0.157064 seconds .

========================================================================
Received Import Request.
  Time since last request: 0.000590 seconds.
  path: Assets/Prefabs/diamanteSmall.prefab
  artifactKey: Guid(e1d01b02d8052b245b786fdc8d06e060) Importer(815301076,1909f56bfc062723c751e8b465ee728b)
Start importing Assets/Prefabs/diamanteSmall.prefab using Guid(e1d01b02d8052b245b786fdc8d06e060) Importer(815301076,1909f56bfc062723c751e8b465ee728b)  -> (artifact id: '1bf8d1eb27718f584cb050b98f46b042') in 0.025008 seconds
  Import took 0.035935 seconds .

========================================================================
Received Import Request.
  Time since last request: 0.000587 seconds.
  path: Assets/Prefabs/diamante Variant.prefab
  artifactKey: Guid(5a0795c2486e826448d815f4cc508a0c) Importer(815301076,1909f56bfc062723c751e8b465ee728b)
Start importing Assets/Prefabs/diamante Variant.prefab using Guid(5a0795c2486e826448d815f4cc508a0c) Importer(815301076,1909f56bfc062723c751e8b465ee728b)  -> (artifact id: '23e54d1436ddcea1bbd91ac846b3ebcc') in 0.030996 seconds
  Import took 0.040152 seconds .

========================================================================
Received Import Request.
  Time since last request: 20.275697 seconds.
  path: Assets/Prefabs/diamante Variant.prefab
  artifactKey: Guid(5a0795c2486e826448d815f4cc508a0c) Importer(815301076,1909f56bfc062723c751e8b465ee728b)
Start importing Assets/Prefabs/diamante Variant.prefab using Guid(5a0795c2486e826448d815f4cc508a0c) Importer(815301076,1909f56bfc062723c751e8b465ee728b)  -> (artifact id: '8ea7998b85ba62d7e8f0edfe027c7b03') in 0.042661 seconds
  Import took 0.059470 seconds .

========================================================================
Received Prepare
Registering precompiled user dll's ...
Registered in 0.002929 seconds.
Begin MonoManager ReloadAssembly
Native extension for WindowsStandalone target not found
Refreshing native plugins compatible for Editor in 0.70 ms, found 0 plugins.
Preloading 0 native plugins for Editor in 0.00 ms.
Invoked RoslynAnalysisRunner static constructor.
RoslynAnalysisRunner will not be running.
RoslynAnalysisRunner has terminated.
Mono: successfully reloaded assembly
- Completed reload, in  1.846 seconds
Platform modules already initialized, skipping
Switching build target platform(5) subTarget(0) extendedPlatform(0) -> platform(13) subTarget(537395200) extendedPlatform(0)
Shader 'Universal Render Pipeline/Particles/Lit': fallback shader 'Universal Render Pipeline/Particles/SimpleLit' not found
Refreshing native plugins compatible for Editor in 0.51 ms, found 0 plugins.
Preloading 0 native plugins for Editor in 0.00 ms.
Unloading 2326 Unused Serialized files (Serialized files now loaded: 0)
System memory in use before: 107.5 MB.
System memory in use after: 107.7 MB.

Unloading 6 unused Assets to reduce memory usage. Loaded Objects now: 2898.
Total: 6.024400 ms (FindLiveObjects: 0.463800 ms CreateObjectMapping: 0.227500 ms MarkObjects: 5.238700 ms  DeleteObjects: 0.092300 ms)

AssetImportParameters requested are different than current active one (requested -> active):
  custom:graphics/normal-map-encoding: 01000000000000000000000000000000 -> 02000000000000000000000000000000
========================================================================
Received Prepare
Registering precompiled user dll's ...
Registered in 0.002365 seconds.
Begin MonoManager ReloadAssembly
Native extension for WindowsStandalone target not found
Refreshing native plugins compatible for Editor in 0.70 ms, found 0 plugins.
Preloading 0 native plugins for Editor in 0.00 ms.
Invoked RoslynAnalysisRunner static constructor.
RoslynAnalysisRunner will not be running.
RoslynAnalysisRunner has terminated.
Mono: successfully reloaded assembly
- Completed reload, in  2.090 seconds
Platform modules already initialized, skipping
Switching build target platform(5) subTarget(0) extendedPlatform(0) -> platform(13) subTarget(537395200) extendedPlatform(0)
Shader 'Universal Render Pipeline/Particles/Lit': fallback shader 'Universal Render Pipeline/Particles/SimpleLit' not found
Refreshing native plugins compatible for Editor in 0.59 ms, found 0 plugins.
Preloading 0 native plugins for Editor in 0.00 ms.
Unloading 2326 Unused Serialized files (Serialized files now loaded: 0)
System memory in use before: 107.4 MB.
System memory in use after: 107.6 MB.

Unloading 6 unused Assets to reduce memory usage. Loaded Objects now: 2901.
Total: 3.756100 ms (FindLiveObjects: 0.539100 ms CreateObjectMapping: 0.369900 ms MarkObjects: 2.766300 ms  DeleteObjects: 0.078400 ms)

AssetImportParameters requested are different than current active one (requested -> active):
  custom:graphics/normal-map-encoding: 01000000000000000000000000000000 -> 02000000000000000000000000000000
========================================================================
Received Prepare
Registering precompiled user dll's ...
Registered in 0.003148 seconds.
Begin MonoManager ReloadAssembly
Native extension for WindowsStandalone target not found
Refreshing native plugins compatible for Editor in 0.70 ms, found 0 plugins.
Preloading 0 native plugins for Editor in 0.00 ms.
Invoked RoslynAnalysisRunner static constructor.
RoslynAnalysisRunner will not be running.
RoslynAnalysisRunner has terminated.
Mono: successfully reloaded assembly
- Completed reload, in  3.529 seconds
Platform modules already initialized, skipping
Switching build target platform(5) subTarget(0) extendedPlatform(0) -> platform(13) subTarget(537395200) extendedPlatform(0)
Shader 'Universal Render Pipeline/Particles/Lit': fallback shader 'Universal Render Pipeline/Particles/SimpleLit' not found
Refreshing native plugins compatible for Editor in 0.69 ms, found 0 plugins.
Preloading 0 native plugins for Editor in 0.00 ms.
Unloading 2326 Unused Serialized files (Serialized files now loaded: 0)
System memory in use before: 107.5 MB.
System memory in use after: 107.7 MB.

Unloading 6 unused Assets to reduce memory usage. Loaded Objects now: 2904.
Total: 5.386700 ms (FindLiveObjects: 0.592000 ms CreateObjectMapping: 0.376300 ms MarkObjects: 4.301400 ms  DeleteObjects: 0.113700 ms)

AssetImportParameters requested are different than current active one (requested -> active):
  custom:graphics/normal-map-encoding: 01000000000000000000000000000000 -> 02000000000000000000000000000000
========================================================================
Received Import Request.
  Time since last request: 270.455330 seconds.
  path: Assets/Prefabs/MulticolorParticle.prefab
  artifactKey: Guid(e9a64fe663b9e52488ec1427016e6f71) Importer(815301076,1909f56bfc062723c751e8b465ee728b)
Start importing Assets/Prefabs/MulticolorParticle.prefab using Guid(e9a64fe663b9e52488ec1427016e6f71) Importer(815301076,1909f56bfc062723c751e8b465ee728b)  -> (artifact id: '291803c3594ec9a705af6e2a655beee5') in 0.078565 seconds
  Import took 0.089866 seconds .

========================================================================
Received Import Request.
  Time since last request: 78.390858 seconds.
  path: Assets/Prefabs/MulticolorParticle.prefab
  artifactKey: Guid(e9a64fe663b9e52488ec1427016e6f71) Importer(815301076,1909f56bfc062723c751e8b465ee728b)
Start importing Assets/Prefabs/MulticolorParticle.prefab using Guid(e9a64fe663b9e52488ec1427016e6f71) Importer(815301076,1909f56bfc062723c751e8b465ee728b)  -> (artifact id: 'bc67ba20cfceb2fc9cbd6b0ba9e50402') in 0.018939 seconds
  Import took 0.036335 seconds .

========================================================================
Received Prepare
Registering precompiled user dll's ...
Registered in 0.003159 seconds.
Begin MonoManager ReloadAssembly
Native extension for WindowsStandalone target not found
Refreshing native plugins compatible for Editor in 0.67 ms, found 0 plugins.
Preloading 0 native plugins for Editor in 0.00 ms.
Invoked RoslynAnalysisRunner static constructor.
RoslynAnalysisRunner will not be running.
RoslynAnalysisRunner has terminated.
Mono: successfully reloaded assembly
- Completed reload, in  2.988 seconds
Platform modules already initialized, skipping
Switching build target platform(5) subTarget(0) extendedPlatform(0) -> platform(13) subTarget(537395200) extendedPlatform(0)
Shader 'Universal Render Pipeline/Particles/Lit': fallback shader 'Universal Render Pipeline/Particles/SimpleLit' not found
Refreshing native plugins compatible for Editor in 0.49 ms, found 0 plugins.
Preloading 0 native plugins for Editor in 0.00 ms.
Unloading 2326 Unused Serialized files (Serialized files now loaded: 0)
System memory in use before: 107.5 MB.
System memory in use after: 107.7 MB.

Unloading 6 unused Assets to reduce memory usage. Loaded Objects now: 2907.
Total: 3.991800 ms (FindLiveObjects: 0.671500 ms CreateObjectMapping: 0.347300 ms MarkObjects: 2.903900 ms  DeleteObjects: 0.067100 ms)

AssetImportParameters requested are different than current active one (requested -> active):
  custom:graphics/normal-map-encoding: 01000000000000000000000000000000 -> 02000000000000000000000000000000
========================================================================
Received Import Request.
  Time since last request: 63.075594 seconds.
  path: Assets/Prefabs/MulticolorParticle.prefab
  artifactKey: Guid(e9a64fe663b9e52488ec1427016e6f71) Importer(815301076,1909f56bfc062723c751e8b465ee728b)
Start importing Assets/Prefabs/MulticolorParticle.prefab using Guid(e9a64fe663b9e52488ec1427016e6f71) Importer(815301076,1909f56bfc062723c751e8b465ee728b)  -> (artifact id: 'c84a016614aeedad136580ce30b74809') in 0.039427 seconds
  Import took 0.046302 seconds .

========================================================================
Received Import Request.
  Time since last request: 1.898825 seconds.
  path: Assets/Prefabs/MulticolorParticle.prefab
  artifactKey: Guid(e9a64fe663b9e52488ec1427016e6f71) Importer(815301076,1909f56bfc062723c751e8b465ee728b)
Start importing Assets/Prefabs/MulticolorParticle.prefab using Guid(e9a64fe663b9e52488ec1427016e6f71) Importer(815301076,1909f56bfc062723c751e8b465ee728b)  -> (artifact id: 'c84a016614aeedad136580ce30b74809') in 0.006006 seconds
  Import took 0.013106 seconds .

========================================================================
Received Prepare
Registering precompiled user dll's ...
Registered in 0.003329 seconds.
Begin MonoManager ReloadAssembly
Native extension for WindowsStandalone target not found
Refreshing native plugins compatible for Editor in 0.74 ms, found 0 plugins.
Preloading 0 native plugins for Editor in 0.00 ms.
Invoked RoslynAnalysisRunner static constructor.
RoslynAnalysisRunner will not be running.
RoslynAnalysisRunner has terminated.
Mono: successfully reloaded assembly
- Completed reload, in  3.209 seconds
Platform modules already initialized, skipping
Switching build target platform(5) subTarget(0) extendedPlatform(0) -> platform(13) subTarget(537395200) extendedPlatform(0)
Shader 'Universal Render Pipeline/Particles/Lit': fallback shader 'Universal Render Pipeline/Particles/SimpleLit' not found
Refreshing native plugins compatible for Editor in 0.50 ms, found 0 plugins.
Preloading 0 native plugins for Editor in 0.00 ms.
Unloading 2326 Unused Serialized files (Serialized files now loaded: 0)
System memory in use before: 107.5 MB.
System memory in use after: 107.7 MB.

Unloading 6 unused Assets to reduce memory usage. Loaded Objects now: 2910.
Total: 3.544700 ms (FindLiveObjects: 0.340800 ms CreateObjectMapping: 0.225600 ms MarkObjects: 2.880800 ms  DeleteObjects: 0.095500 ms)

AssetImportParameters requested are different than current active one (requested -> active):
  custom:graphics/normal-map-encoding: 01000000000000000000000000000000 -> 02000000000000000000000000000000
========================================================================
Received Import Request.
  Time since last request: 23.946406 seconds.
  path: Assets/Prefabs/MulticolorParticle.prefab
  artifactKey: Guid(e9a64fe663b9e52488ec1427016e6f71) Importer(815301076,1909f56bfc062723c751e8b465ee728b)
Start importing Assets/Prefabs/MulticolorParticle.prefab using Guid(e9a64fe663b9e52488ec1427016e6f71) Importer(815301076,1909f56bfc062723c751e8b465ee728b)  -> (artifact id: '742f3c4cbc98cf2bb6b334de7f08abb1') in 0.039660 seconds
  Import took 0.045820 seconds .

========================================================================
Received Import Request.
  Time since last request: 2.889721 seconds.
  path: Assets/Prefabs/MulticolorParticle.prefab
  artifactKey: Guid(e9a64fe663b9e52488ec1427016e6f71) Importer(815301076,1909f56bfc062723c751e8b465ee728b)
Start importing Assets/Prefabs/MulticolorParticle.prefab using Guid(e9a64fe663b9e52488ec1427016e6f71) Importer(815301076,1909f56bfc062723c751e8b465ee728b)  -> (artifact id: '742f3c4cbc98cf2bb6b334de7f08abb1') in 0.006176 seconds
  Import took 0.013908 seconds .

========================================================================
Received Prepare
Registering precompiled user dll's ...
Registered in 0.002572 seconds.
Begin MonoManager ReloadAssembly
Native extension for WindowsStandalone target not found
Refreshing native plugins compatible for Editor in 0.66 ms, found 0 plugins.
Preloading 0 native plugins for Editor in 0.00 ms.
Invoked RoslynAnalysisRunner static constructor.
RoslynAnalysisRunner will not be running.
RoslynAnalysisRunner has terminated.
Mono: successfully reloaded assembly
- Completed reload, in  2.378 seconds
Platform modules already initialized, skipping
Switching build target platform(5) subTarget(0) extendedPlatform(0) -> platform(13) subTarget(537395200) extendedPlatform(0)
Shader 'Universal Render Pipeline/Particles/Lit': fallback shader 'Universal Render Pipeline/Particles/SimpleLit' not found
Refreshing native plugins compatible for Editor in 0.68 ms, found 0 plugins.
Preloading 0 native plugins for Editor in 0.00 ms.
Unloading 2326 Unused Serialized files (Serialized files now loaded: 0)
System memory in use before: 107.5 MB.
System memory in use after: 107.7 MB.

Unloading 6 unused Assets to reduce memory usage. Loaded Objects now: 2913.
Total: 5.358900 ms (FindLiveObjects: 0.569200 ms CreateObjectMapping: 0.415900 ms MarkObjects: 4.261000 ms  DeleteObjects: 0.108100 ms)

AssetImportParameters requested are different than current active one (requested -> active):
  custom:graphics/normal-map-encoding: 01000000000000000000000000000000 -> 02000000000000000000000000000000
========================================================================
Received Prepare
Registering precompiled user dll's ...
Registered in 0.001960 seconds.
Begin MonoManager ReloadAssembly
Native extension for WindowsStandalone target not found
Refreshing native plugins compatible for Editor in 0.72 ms, found 0 plugins.
Preloading 0 native plugins for Editor in 0.00 ms.
Invoked RoslynAnalysisRunner static constructor.
RoslynAnalysisRunner will not be running.
RoslynAnalysisRunner has terminated.
Mono: successfully reloaded assembly
- Completed reload, in  2.430 seconds
Platform modules already initialized, skipping
Switching build target platform(5) subTarget(0) extendedPlatform(0) -> platform(13) subTarget(537395200) extendedPlatform(0)
Shader 'Universal Render Pipeline/Particles/Lit': fallback shader 'Universal Render Pipeline/Particles/SimpleLit' not found
Refreshing native plugins compatible for Editor in 0.48 ms, found 0 plugins.
Preloading 0 native plugins for Editor in 0.00 ms.
Unloading 2326 Unused Serialized files (Serialized files now loaded: 0)
System memory in use before: 107.4 MB.
System memory in use after: 107.6 MB.

Unloading 6 unused Assets to reduce memory usage. Loaded Objects now: 2916.
Total: 2.975800 ms (FindLiveObjects: 0.377800 ms CreateObjectMapping: 0.226500 ms MarkObjects: 2.293400 ms  DeleteObjects: 0.076500 ms)

AssetImportParameters requested are different than current active one (requested -> active):
  custom:graphics/normal-map-encoding: 01000000000000000000000000000000 -> 02000000000000000000000000000000
========================================================================
Received Prepare
Registering precompiled user dll's ...
Registered in 0.001977 seconds.
Begin MonoManager ReloadAssembly
Native extension for WindowsStandalone target not found
Refreshing native plugins compatible for Editor in 0.70 ms, found 0 plugins.
Preloading 0 native plugins for Editor in 0.00 ms.
Invoked RoslynAnalysisRunner static constructor.
RoslynAnalysisRunner will not be running.
RoslynAnalysisRunner has terminated.
Mono: successfully reloaded assembly
- Completed reload, in  2.356 seconds
Platform modules already initialized, skipping
Switching build target platform(5) subTarget(0) extendedPlatform(0) -> platform(13) subTarget(537395200) extendedPlatform(0)
Shader 'Universal Render Pipeline/Particles/Lit': fallback shader 'Universal Render Pipeline/Particles/SimpleLit' not found
Refreshing native plugins compatible for Editor in 0.72 ms, found 0 plugins.
Preloading 0 native plugins for Editor in 0.00 ms.
Unloading 2326 Unused Serialized files (Serialized files now loaded: 0)
System memory in use before: 107.5 MB.
System memory in use after: 107.7 MB.

Unloading 6 unused Assets to reduce memory usage. Loaded Objects now: 2919.
Total: 4.754300 ms (FindLiveObjects: 0.594400 ms CreateObjectMapping: 0.408900 ms MarkObjects: 3.645600 ms  DeleteObjects: 0.102000 ms)

AssetImportParameters requested are different than current active one (requested -> active):
  custom:graphics/normal-map-encoding: 01000000000000000000000000000000 -> 02000000000000000000000000000000
========================================================================
Received Prepare
Registering precompiled user dll's ...
Registered in 0.002653 seconds.
Begin MonoManager ReloadAssembly
Native extension for WindowsStandalone target not found
Refreshing native plugins compatible for Editor in 0.66 ms, found 0 plugins.
Preloading 0 native plugins for Editor in 0.00 ms.
Invoked RoslynAnalysisRunner static constructor.
RoslynAnalysisRunner will not be running.
RoslynAnalysisRunner has terminated.
Mono: successfully reloaded assembly
- Completed reload, in  2.033 seconds
Platform modules already initialized, skipping
Switching build target platform(5) subTarget(0) extendedPlatform(0) -> platform(13) subTarget(537395200) extendedPlatform(0)
Shader 'Universal Render Pipeline/Particles/Lit': fallback shader 'Universal Render Pipeline/Particles/SimpleLit' not found
Refreshing native plugins compatible for Editor in 0.53 ms, found 0 plugins.
Preloading 0 native plugins for Editor in 0.00 ms.
Unloading 2326 Unused Serialized files (Serialized files now loaded: 0)
System memory in use before: 107.5 MB.
System memory in use after: 107.7 MB.

Unloading 6 unused Assets to reduce memory usage. Loaded Objects now: 2922.
Total: 3.320000 ms (FindLiveObjects: 0.373900 ms CreateObjectMapping: 0.239200 ms MarkObjects: 2.604300 ms  DeleteObjects: 0.100400 ms)

AssetImportParameters requested are different than current active one (requested -> active):
  custom:graphics/normal-map-encoding: 01000000000000000000000000000000 -> 02000000000000000000000000000000
========================================================================
Received Import Request.
  Time since last request: 295.988772 seconds.
  path: Assets/Scenes/prueba001.unity
  artifactKey: Guid(9fc0d4010bbf28b4594072e72b8655ab) Importer(815301076,1909f56bfc062723c751e8b465ee728b)
Start importing Assets/Scenes/prueba001.unity using Guid(9fc0d4010bbf28b4594072e72b8655ab) Importer(815301076,1909f56bfc062723c751e8b465ee728b)  -> (artifact id: '904c149bc8f943f8534649e508f87d59') in 0.040229 seconds
  Import took 0.050144 seconds .

========================================================================
Received Prepare
Registering precompiled user dll's ...
Registered in 0.003016 seconds.
Begin MonoManager ReloadAssembly
Native extension for WindowsStandalone target not found
Refreshing native plugins compatible for Editor in 0.73 ms, found 0 plugins.
Preloading 0 native plugins for Editor in 0.00 ms.
Invoked RoslynAnalysisRunner static constructor.
RoslynAnalysisRunner will not be running.
RoslynAnalysisRunner has terminated.
Mono: successfully reloaded assembly
- Completed reload, in  2.587 seconds
Platform modules already initialized, skipping
Switching build target platform(5) subTarget(0) extendedPlatform(0) -> platform(13) subTarget(537395200) extendedPlatform(0)
Shader 'Universal Render Pipeline/Particles/Lit': fallback shader 'Universal Render Pipeline/Particles/SimpleLit' not found
Refreshing native plugins compatible for Editor in 0.84 ms, found 0 plugins.
Preloading 0 native plugins for Editor in 0.00 ms.
Unloading 2326 Unused Serialized files (Serialized files now loaded: 0)
System memory in use before: 107.5 MB.
System memory in use after: 107.7 MB.

Unloading 6 unused Assets to reduce memory usage. Loaded Objects now: 2925.
Total: 6.177800 ms (FindLiveObjects: 0.729000 ms CreateObjectMapping: 0.513400 ms MarkObjects: 4.806700 ms  DeleteObjects: 0.125200 ms)

AssetImportParameters requested are different than current active one (requested -> active):
  custom:graphics/normal-map-encoding: 01000000000000000000000000000000 -> 02000000000000000000000000000000
========================================================================
Received Import Request.
  Time since last request: 182.106671 seconds.
  path: Assets/Scenes/pruebaRelax.unity
  artifactKey: Guid(d1271db3bac93ef44a23f9af8ee4e9ba) Importer(815301076,1909f56bfc062723c751e8b465ee728b)
Start importing Assets/Scenes/pruebaRelax.unity using Guid(d1271db3bac93ef44a23f9af8ee4e9ba) Importer(815301076,1909f56bfc062723c751e8b465ee728b)  -> (artifact id: 'c87b2a663ed03895ec786c3b95c4934b') in 0.047591 seconds
  Import took 0.057785 seconds .

========================================================================
Received Prepare
Registering precompiled user dll's ...
Registered in 0.002000 seconds.
Begin MonoManager ReloadAssembly
Native extension for WindowsStandalone target not found
Refreshing native plugins compatible for Editor in 0.70 ms, found 0 plugins.
Preloading 0 native plugins for Editor in 0.00 ms.
Invoked RoslynAnalysisRunner static constructor.
RoslynAnalysisRunner will not be running.
RoslynAnalysisRunner has terminated.
Mono: successfully reloaded assembly
- Completed reload, in  2.429 seconds
Platform modules already initialized, skipping
Switching build target platform(5) subTarget(0) extendedPlatform(0) -> platform(13) subTarget(537395200) extendedPlatform(0)
Shader 'Universal Render Pipeline/Particles/Lit': fallback shader 'Universal Render Pipeline/Particles/SimpleLit' not found
Refreshing native plugins compatible for Editor in 0.70 ms, found 0 plugins.
Preloading 0 native plugins for Editor in 0.00 ms.
Unloading 2326 Unused Serialized files (Serialized files now loaded: 0)
System memory in use before: 107.5 MB.
System memory in use after: 107.7 MB.

Unloading 6 unused Assets to reduce memory usage. Loaded Objects now: 2928.
Total: 4.275400 ms (FindLiveObjects: 0.436800 ms CreateObjectMapping: 0.214000 ms MarkObjects: 3.548500 ms  DeleteObjects: 0.072900 ms)

AssetImportParameters requested are different than current active one (requested -> active):
  custom:graphics/normal-map-encoding: 01000000000000000000000000000000 -> 02000000000000000000000000000000
========================================================================
Received Import Request.
  Time since last request: 9.384329 seconds.
  path: Assets/Scenes/pruebaRelax 1.unity
  artifactKey: Guid(4a5fee759c784f14bb0ab15841d8134b) Importer(815301076,1909f56bfc062723c751e8b465ee728b)
Start importing Assets/Scenes/pruebaRelax 1.unity using Guid(4a5fee759c784f14bb0ab15841d8134b) Importer(815301076,1909f56bfc062723c751e8b465ee728b)  -> (artifact id: '2a391e88f80fd5dbeb5e16056cbe74f0') in 0.036712 seconds
  Import took 0.046661 seconds .

========================================================================
Received Prepare
Registering precompiled user dll's ...
Registered in 0.002993 seconds.
Begin MonoManager ReloadAssembly
Native extension for WindowsStandalone target not found
Refreshing native plugins compatible for Editor in 0.72 ms, found 0 plugins.
Preloading 0 native plugins for Editor in 0.00 ms.
Invoked RoslynAnalysisRunner static constructor.
RoslynAnalysisRunner will not be running.
RoslynAnalysisRunner has terminated.
Mono: successfully reloaded assembly
- Completed reload, in  2.412 seconds
Platform modules already initialized, skipping
Switching build target platform(5) subTarget(0) extendedPlatform(0) -> platform(13) subTarget(537395200) extendedPlatform(0)
Shader 'Universal Render Pipeline/Particles/Lit': fallback shader 'Universal Render Pipeline/Particles/SimpleLit' not found
Refreshing native plugins compatible for Editor in 0.68 ms, found 0 plugins.
Preloading 0 native plugins for Editor in 0.00 ms.
Unloading 2326 Unused Serialized files (Serialized files now loaded: 0)
System memory in use before: 107.5 MB.
System memory in use after: 107.6 MB.

Unloading 6 unused Assets to reduce memory usage. Loaded Objects now: 2931.
Total: 4.340200 ms (FindLiveObjects: 0.523900 ms CreateObjectMapping: 0.411500 ms MarkObjects: 3.274800 ms  DeleteObjects: 0.127100 ms)

AssetImportParameters requested are different than current active one (requested -> active):
  custom:graphics/normal-map-encoding: 01000000000000000000000000000000 -> 02000000000000000000000000000000
========================================================================
Received Import Request.
  Time since last request: 536.823853 seconds.
  path: Assets/Prefabs/diamante Blanco.prefab
  artifactKey: Guid(01e66b58ad1b6c84093d5ed58fec7df0) Importer(815301076,1909f56bfc062723c751e8b465ee728b)
Start importing Assets/Prefabs/diamante Blanco.prefab using Guid(01e66b58ad1b6c84093d5ed58fec7df0) Importer(815301076,1909f56bfc062723c751e8b465ee728b)  -> (artifact id: '5fbd0c685edfb703f35b3a9c2b16c555') in 0.193667 seconds
  Import took 0.202842 seconds .

========================================================================
Received Import Request.
  Time since last request: 0.000593 seconds.
  path: Assets/Prefabs/diamanteSmall.prefab
  artifactKey: Guid(e1d01b02d8052b245b786fdc8d06e060) Importer(815301076,1909f56bfc062723c751e8b465ee728b)
Start importing Assets/Prefabs/diamanteSmall.prefab using Guid(e1d01b02d8052b245b786fdc8d06e060) Importer(815301076,1909f56bfc062723c751e8b465ee728b)  -> (artifact id: 'c0e18e7c8fbd45dde3a8e34ef0455447') in 0.027627 seconds
  Import took 0.040026 seconds .

========================================================================
Received Prepare
Registering precompiled user dll's ...
Registered in 0.002334 seconds.
Begin MonoManager ReloadAssembly
Native extension for WindowsStandalone target not found
Refreshing native plugins compatible for Editor in 0.70 ms, found 0 plugins.
Preloading 0 native plugins for Editor in 0.00 ms.
Invoked RoslynAnalysisRunner static constructor.
RoslynAnalysisRunner will not be running.
RoslynAnalysisRunner has terminated.
Mono: successfully reloaded assembly
- Completed reload, in  2.624 seconds
Platform modules already initialized, skipping
Switching build target platform(5) subTarget(0) extendedPlatform(0) -> platform(13) subTarget(537395200) extendedPlatform(0)
Shader 'Universal Render Pipeline/Particles/Lit': fallback shader 'Universal Render Pipeline/Particles/SimpleLit' not found
Refreshing native plugins compatible for Editor in 0.71 ms, found 0 plugins.
Preloading 0 native plugins for Editor in 0.00 ms.
Unloading 2326 Unused Serialized files (Serialized files now loaded: 0)
System memory in use before: 107.6 MB.
System memory in use after: 107.7 MB.

Unloading 6 unused Assets to reduce memory usage. Loaded Objects now: 2935.
Total: 4.481100 ms (FindLiveObjects: 0.693200 ms CreateObjectMapping: 0.372600 ms MarkObjects: 3.316100 ms  DeleteObjects: 0.094100 ms)

AssetImportParameters requested are different than current active one (requested -> active):
  custom:graphics/normal-map-encoding: 01000000000000000000000000000000 -> 02000000000000000000000000000000
========================================================================
Received Import Request.
  Time since last request: 278.732735 seconds.
  path: Assets/Prefabs/diamante Blanco.prefab
  artifactKey: Guid(01e66b58ad1b6c84093d5ed58fec7df0) Importer(815301076,1909f56bfc062723c751e8b465ee728b)
Start importing Assets/Prefabs/diamante Blanco.prefab using Guid(01e66b58ad1b6c84093d5ed58fec7df0) Importer(815301076,1909f56bfc062723c751e8b465ee728b)  -> (artifact id: '6668cd791991062c2127db39950165ab') in 0.135666 seconds
  Import took 0.147649 seconds .

========================================================================
Received Import Request.
  Time since last request: 0.000575 seconds.
  path: Assets/Prefabs/diamanteSmall.prefab
  artifactKey: Guid(e1d01b02d8052b245b786fdc8d06e060) Importer(815301076,1909f56bfc062723c751e8b465ee728b)
Start importing Assets/Prefabs/diamanteSmall.prefab using Guid(e1d01b02d8052b245b786fdc8d06e060) Importer(815301076,1909f56bfc062723c751e8b465ee728b)  -> (artifact id: 'a2b801725afccbbcb725b73d5c790050') in 0.024219 seconds
  Import took 0.037276 seconds .

========================================================================
Received Import Request.
  Time since last request: 18.172684 seconds.
  path: Assets/Prefabs/diamante Blanco 1.prefab
  artifactKey: Guid(4ad25bde3bc2fe547920bb3ecb8f6e35) Importer(815301076,1909f56bfc062723c751e8b465ee728b)
Start importing Assets/Prefabs/diamante Blanco 1.prefab using Guid(4ad25bde3bc2fe547920bb3ecb8f6e35) Importer(815301076,1909f56bfc062723c751e8b465ee728b)  -> (artifact id: 'a8b22784767712dc87a976e7cb1c5bf1') in 0.052377 seconds
  Import took 0.063989 seconds .

========================================================================
Received Import Request.
  Time since last request: 0.013703 seconds.
  path: Assets/Prefabs/diamante Blanco 1.prefab
  artifactKey: Guid(4ad25bde3bc2fe547920bb3ecb8f6e35) Importer(815301076,1909f56bfc062723c751e8b465ee728b)
Start importing Assets/Prefabs/diamante Blanco 1.prefab using Guid(4ad25bde3bc2fe547920bb3ecb8f6e35) Importer(815301076,1909f56bfc062723c751e8b465ee728b)  -> (artifact id: 'a8b22784767712dc87a976e7cb1c5bf1') in 0.025687 seconds
  Import took 0.037820 seconds .

========================================================================
Received Import Request.
  Time since last request: 23.404873 seconds.
  path: Assets/Prefabs/diamantePastel.prefab
  artifactKey: Guid(4ad25bde3bc2fe547920bb3ecb8f6e35) Importer(815301076,1909f56bfc062723c751e8b465ee728b)
Start importing Assets/Prefabs/diamantePastel.prefab using Guid(4ad25bde3bc2fe547920bb3ecb8f6e35) Importer(815301076,1909f56bfc062723c751e8b465ee728b)  -> (artifact id: '5ec5e5901b8cfaa9581f7c04ff931989') in 0.066647 seconds
  Import took 0.085068 seconds .

========================================================================
Received Import Request.
  Time since last request: 10.076034 seconds.
  path: Assets/Prefabs/diamantePastel.prefab
  artifactKey: Guid(4ad25bde3bc2fe547920bb3ecb8f6e35) Importer(815301076,1909f56bfc062723c751e8b465ee728b)
Start importing Assets/Prefabs/diamantePastel.prefab using Guid(4ad25bde3bc2fe547920bb3ecb8f6e35) Importer(815301076,1909f56bfc062723c751e8b465ee728b)  -> (artifact id: 'c4b360559ee1c8cd864c04eac4dabf8e') in 0.024628 seconds
  Import took 0.036132 seconds .

========================================================================
Received Import Request.
  Time since last request: 24.745581 seconds.
  path: Assets/Prefabs/diamantePastel.prefab
  artifactKey: Guid(4ad25bde3bc2fe547920bb3ecb8f6e35) Importer(815301076,1909f56bfc062723c751e8b465ee728b)
Start importing Assets/Prefabs/diamantePastel.prefab using Guid(4ad25bde3bc2fe547920bb3ecb8f6e35) Importer(815301076,1909f56bfc062723c751e8b465ee728b)  -> (artifact id: '0934b71d46ee9908138bdb88f224acd0') in 0.024526 seconds
  Import took 0.036754 seconds .

========================================================================
Received Import Request.
  Time since last request: 29.264272 seconds.
  path: Assets/Prefabs/diamantePastel.prefab
  artifactKey: Guid(4ad25bde3bc2fe547920bb3ecb8f6e35) Importer(815301076,1909f56bfc062723c751e8b465ee728b)
Start importing Assets/Prefabs/diamantePastel.prefab using Guid(4ad25bde3bc2fe547920bb3ecb8f6e35) Importer(815301076,1909f56bfc062723c751e8b465ee728b)  -> (artifact id: 'a57f30e0dbd0e29904dfb0ea9b4ff693') in 0.030639 seconds
  Import took 0.039657 seconds .

========================================================================
Received Import Request.
  Time since last request: 10.777647 seconds.
  path: Assets/Prefabs/diamantePastel.prefab
  artifactKey: Guid(4ad25bde3bc2fe547920bb3ecb8f6e35) Importer(815301076,1909f56bfc062723c751e8b465ee728b)
Start importing Assets/Prefabs/diamantePastel.prefab using Guid(4ad25bde3bc2fe547920bb3ecb8f6e35) Importer(815301076,1909f56bfc062723c751e8b465ee728b)  -> (artifact id: '67cee80dd0f3da9a18904f48f3b0c371') in 0.038221 seconds
  Import took 0.052125 seconds .

========================================================================
Received Import Request.
  Time since last request: 12.236982 seconds.
  path: Assets/Prefabs/diamantePastel.prefab
  artifactKey: Guid(4ad25bde3bc2fe547920bb3ecb8f6e35) Importer(815301076,1909f56bfc062723c751e8b465ee728b)
Start importing Assets/Prefabs/diamantePastel.prefab using Guid(4ad25bde3bc2fe547920bb3ecb8f6e35) Importer(815301076,1909f56bfc062723c751e8b465ee728b)  -> (artifact id: '730d9e80127fb4ddf41323521a5623b0') in 0.041233 seconds
  Import took 0.061436 seconds .

========================================================================
Received Import Request.
  Time since last request: 73.453387 seconds.
  path: Assets/Prefabs/diamantePastel.prefab
  artifactKey: Guid(4ad25bde3bc2fe547920bb3ecb8f6e35) Importer(815301076,1909f56bfc062723c751e8b465ee728b)
Start importing Assets/Prefabs/diamantePastel.prefab using Guid(4ad25bde3bc2fe547920bb3ecb8f6e35) Importer(815301076,1909f56bfc062723c751e8b465ee728b)  -> (artifact id: 'b97c66d5c4af741e9c4408c2957da494') in 0.043296 seconds
  Import took 0.058688 seconds .

========================================================================
Received Import Request.
  Time since last request: 17.633494 seconds.
  path: Assets/Prefabs/diamantePastel.prefab
  artifactKey: Guid(4ad25bde3bc2fe547920bb3ecb8f6e35) Importer(815301076,1909f56bfc062723c751e8b465ee728b)
Start importing Assets/Prefabs/diamantePastel.prefab using Guid(4ad25bde3bc2fe547920bb3ecb8f6e35) Importer(815301076,1909f56bfc062723c751e8b465ee728b)  -> (artifact id: '1a767685ca3a1e5bbf8fc628bdbc36f4') in 0.037277 seconds
  Import took 0.048527 seconds .

========================================================================
Received Import Request.
  Time since last request: 42.825553 seconds.
  path: Assets/Prefabs/diamantePastel.prefab
  artifactKey: Guid(4ad25bde3bc2fe547920bb3ecb8f6e35) Importer(815301076,1909f56bfc062723c751e8b465ee728b)
Start importing Assets/Prefabs/diamantePastel.prefab using Guid(4ad25bde3bc2fe547920bb3ecb8f6e35) Importer(815301076,1909f56bfc062723c751e8b465ee728b)  -> (artifact id: '696910e02b1a8cfd9cc6b7170a9e9a44') in 0.025889 seconds
  Import took 0.037830 seconds .

========================================================================
Received Import Request.
  Time since last request: 172.555812 seconds.
  path: Assets/Prefabs/diamantePastel.prefab
  artifactKey: Guid(4ad25bde3bc2fe547920bb3ecb8f6e35) Importer(815301076,1909f56bfc062723c751e8b465ee728b)
Start importing Assets/Prefabs/diamantePastel.prefab using Guid(4ad25bde3bc2fe547920bb3ecb8f6e35) Importer(815301076,1909f56bfc062723c751e8b465ee728b)  -> (artifact id: 'b0f799fe7a8b2f6a44a5cc46d040ba23') in 0.061323 seconds
  Import took 0.077611 seconds .

========================================================================
Received Import Request.
  Time since last request: 47.095753 seconds.
  path: Assets/Prefabs/MulticolorParticle 1.prefab
  artifactKey: Guid(bbc6f60ac551bd2408375d2f9d008291) Importer(815301076,1909f56bfc062723c751e8b465ee728b)
Start importing Assets/Prefabs/MulticolorParticle 1.prefab using Guid(bbc6f60ac551bd2408375d2f9d008291) Importer(815301076,1909f56bfc062723c751e8b465ee728b)  -> (artifact id: '6a6af0d7a0337efe86ac7faa766c8f45') in 0.036617 seconds
  Import took 0.049428 seconds .

========================================================================
Received Import Request.
  Time since last request: 0.001164 seconds.
  path: Assets/Prefabs/MulticolorParticle 1.prefab
  artifactKey: Guid(bbc6f60ac551bd2408375d2f9d008291) Importer(815301076,1909f56bfc062723c751e8b465ee728b)
Start importing Assets/Prefabs/MulticolorParticle 1.prefab using Guid(bbc6f60ac551bd2408375d2f9d008291) Importer(815301076,1909f56bfc062723c751e8b465ee728b)  -> (artifact id: '6a6af0d7a0337efe86ac7faa766c8f45') in 0.012523 seconds
  Import took 0.029752 seconds .

========================================================================
Received Import Request.
  Time since last request: 37.701603 seconds.
  path: Assets/Prefabs/MulticolorRosa1.prefab
  artifactKey: Guid(bbc6f60ac551bd2408375d2f9d008291) Importer(815301076,1909f56bfc062723c751e8b465ee728b)
Start importing Assets/Prefabs/MulticolorRosa1.prefab using Guid(bbc6f60ac551bd2408375d2f9d008291) Importer(815301076,1909f56bfc062723c751e8b465ee728b)  -> (artifact id: '7e21c96f23c197b076763205238066eb') in 0.047098 seconds
  Import took 0.063451 seconds .

========================================================================
Received Import Request.
  Time since last request: 8.656827 seconds.
  path: Assets/Prefabs/MulticolorRosa1.prefab
  artifactKey: Guid(bbc6f60ac551bd2408375d2f9d008291) Importer(815301076,1909f56bfc062723c751e8b465ee728b)
Start importing Assets/Prefabs/MulticolorRosa1.prefab using Guid(bbc6f60ac551bd2408375d2f9d008291) Importer(815301076,1909f56bfc062723c751e8b465ee728b)  -> (artifact id: 'f29a869e960037f149277e00aa159f80') in 0.019839 seconds
  Import took 0.038271 seconds .

========================================================================
Received Import Request.
  Time since last request: 1.328443 seconds.
  path: Assets/Prefabs/MulticolorRosa1.prefab
  artifactKey: Guid(bbc6f60ac551bd2408375d2f9d008291) Importer(815301076,1909f56bfc062723c751e8b465ee728b)
Start importing Assets/Prefabs/MulticolorRosa1.prefab using Guid(bbc6f60ac551bd2408375d2f9d008291) Importer(815301076,1909f56bfc062723c751e8b465ee728b)  -> (artifact id: '72f1925788f73a73e083cc2879d4e326') in 0.018599 seconds
  Import took 0.035981 seconds .

========================================================================
Received Import Request.
  Time since last request: 2.319778 seconds.
  path: Assets/Prefabs/MulticolorRosa1.prefab
  artifactKey: Guid(bbc6f60ac551bd2408375d2f9d008291) Importer(815301076,1909f56bfc062723c751e8b465ee728b)
Start importing Assets/Prefabs/MulticolorRosa1.prefab using Guid(bbc6f60ac551bd2408375d2f9d008291) Importer(815301076,1909f56bfc062723c751e8b465ee728b)  -> (artifact id: '42f76b85ff73bae5a3ab5497820d192a') in 0.013614 seconds
  Import took 0.027882 seconds .

========================================================================
Received Import Request.
  Time since last request: 1.221762 seconds.
  path: Assets/Prefabs/MulticolorRosa1.prefab
  artifactKey: Guid(bbc6f60ac551bd2408375d2f9d008291) Importer(815301076,1909f56bfc062723c751e8b465ee728b)
Start importing Assets/Prefabs/MulticolorRosa1.prefab using Guid(bbc6f60ac551bd2408375d2f9d008291) Importer(815301076,1909f56bfc062723c751e8b465ee728b)  -> (artifact id: '7d6d10464442a6d9a6951e9fd0cbf19c') in 0.019438 seconds
  Import took 0.037282 seconds .

========================================================================
Received Import Request.
  Time since last request: 3.492309 seconds.
  path: Assets/Prefabs/MulticolorRosa1.prefab
  artifactKey: Guid(bbc6f60ac551bd2408375d2f9d008291) Importer(815301076,1909f56bfc062723c751e8b465ee728b)
Start importing Assets/Prefabs/MulticolorRosa1.prefab using Guid(bbc6f60ac551bd2408375d2f9d008291) Importer(815301076,1909f56bfc062723c751e8b465ee728b)  -> (artifact id: 'fb3ffc5b63c1a1a064dd469fa49600ea') in 0.021723 seconds
  Import took 0.041743 seconds .

========================================================================
Received Import Request.
  Time since last request: 13.848707 seconds.
  path: Assets/Prefabs/MulticolorRosa1.prefab
  artifactKey: Guid(bbc6f60ac551bd2408375d2f9d008291) Importer(815301076,1909f56bfc062723c751e8b465ee728b)
Start importing Assets/Prefabs/MulticolorRosa1.prefab using Guid(bbc6f60ac551bd2408375d2f9d008291) Importer(815301076,1909f56bfc062723c751e8b465ee728b)  -> (artifact id: '4fb319cef0767acb16ab4aeb45a233eb') in 0.016493 seconds
  Import took 0.033486 seconds .

========================================================================
Received Import Request.
  Time since last request: 17.614435 seconds.
  path: Assets/Prefabs/MulticolorRosa1 1.prefab
  artifactKey: Guid(042336082197b0a419bc53da25c5084a) Importer(815301076,1909f56bfc062723c751e8b465ee728b)
Start importing Assets/Prefabs/MulticolorRosa1 1.prefab using Guid(042336082197b0a419bc53da25c5084a) Importer(815301076,1909f56bfc062723c751e8b465ee728b)  -> (artifact id: 'b11ed361a11cdc56dde2570b47c774dc') in 0.035995 seconds
  Import took 0.050715 seconds .

========================================================================
Received Import Request.
  Time since last request: 0.027141 seconds.
  path: Assets/Prefabs/MulticolorRosa1 1.prefab
  artifactKey: Guid(042336082197b0a419bc53da25c5084a) Importer(815301076,1909f56bfc062723c751e8b465ee728b)
Start importing Assets/Prefabs/MulticolorRosa1 1.prefab using Guid(042336082197b0a419bc53da25c5084a) Importer(815301076,1909f56bfc062723c751e8b465ee728b)  -> (artifact id: 'b11ed361a11cdc56dde2570b47c774dc') in 0.015228 seconds
  Import took 0.031200 seconds .

========================================================================
Received Import Request.
  Time since last request: 13.460979 seconds.
  path: Assets/Prefabs/MulticolorRosa2.prefab
  artifactKey: Guid(042336082197b0a419bc53da25c5084a) Importer(815301076,1909f56bfc062723c751e8b465ee728b)
Start importing Assets/Prefabs/MulticolorRosa2.prefab using Guid(042336082197b0a419bc53da25c5084a) Importer(815301076,1909f56bfc062723c751e8b465ee728b)  -> (artifact id: '200cc82f0e12e7047e832fc64475948c') in 0.038814 seconds
  Import took 0.053559 seconds .

========================================================================
Received Import Request.
  Time since last request: 33.869083 seconds.
  path: Assets/Prefabs/MulticolorRosa2.prefab
  artifactKey: Guid(042336082197b0a419bc53da25c5084a) Importer(815301076,1909f56bfc062723c751e8b465ee728b)
Start importing Assets/Prefabs/MulticolorRosa2.prefab using Guid(042336082197b0a419bc53da25c5084a) Importer(815301076,1909f56bfc062723c751e8b465ee728b)  -> (artifact id: 'd46bbf562c3938b1bac17bd7eab4be20') in 0.010738 seconds
  Import took 0.021390 seconds .

========================================================================
Received Import Request.
  Time since last request: 4.780365 seconds.
  path: Assets/Prefabs/MulticolorRosa2 1.prefab
  artifactKey: Guid(2e6e723532a613f4fa70f2772e736cb5) Importer(815301076,1909f56bfc062723c751e8b465ee728b)
Start importing Assets/Prefabs/MulticolorRosa2 1.prefab using Guid(2e6e723532a613f4fa70f2772e736cb5) Importer(815301076,1909f56bfc062723c751e8b465ee728b)  -> (artifact id: 'd3508ece53399bc8f4d0e2a29190dbc8') in 0.019945 seconds
  Import took 0.027885 seconds .

========================================================================
Received Import Request.
  Time since last request: 0.002460 seconds.
  path: Assets/Prefabs/MulticolorRosa2 1.prefab
  artifactKey: Guid(2e6e723532a613f4fa70f2772e736cb5) Importer(815301076,1909f56bfc062723c751e8b465ee728b)
Start importing Assets/Prefabs/MulticolorRosa2 1.prefab using Guid(2e6e723532a613f4fa70f2772e736cb5) Importer(815301076,1909f56bfc062723c751e8b465ee728b)  -> (artifact id: 'd3508ece53399bc8f4d0e2a29190dbc8') in 0.006072 seconds
  Import took 0.014774 seconds .

========================================================================
Received Import Request.
  Time since last request: 32.717272 seconds.
  path: Assets/Prefabs/MulticolorRosa2 1.prefab
  artifactKey: Guid(2e6e723532a613f4fa70f2772e736cb5) Importer(815301076,1909f56bfc062723c751e8b465ee728b)
Start importing Assets/Prefabs/MulticolorRosa2 1.prefab using Guid(2e6e723532a613f4fa70f2772e736cb5) Importer(815301076,1909f56bfc062723c751e8b465ee728b)  -> (artifact id: '56a6d438f962be6c4e10435d062c62f0') in 0.012189 seconds
  Import took 0.025988 seconds .

========================================================================
Received Import Request.
  Time since last request: 0.005996 seconds.
  path: Assets/Prefabs/MulticolorRosa2 1.prefab
  artifactKey: Guid(2e6e723532a613f4fa70f2772e736cb5) Importer(815301076,1909f56bfc062723c751e8b465ee728b)
Start importing Assets/Prefabs/MulticolorRosa2 1.prefab using Guid(2e6e723532a613f4fa70f2772e736cb5) Importer(815301076,1909f56bfc062723c751e8b465ee728b)  -> (artifact id: '56a6d438f962be6c4e10435d062c62f0') in 0.012280 seconds
  Import took 0.027082 seconds .

========================================================================
Received Import Request.
  Time since last request: 14.631520 seconds.
  path: Assets/Prefabs/MulticolorCeleste.prefab
  artifactKey: Guid(2e6e723532a613f4fa70f2772e736cb5) Importer(815301076,1909f56bfc062723c751e8b465ee728b)
Start importing Assets/Prefabs/MulticolorCeleste.prefab using Guid(2e6e723532a613f4fa70f2772e736cb5) Importer(815301076,1909f56bfc062723c751e8b465ee728b)  -> (artifact id: 'b62ca0660bd7f64c14f593dd05319100') in 0.024892 seconds
  Import took 0.035963 seconds .

========================================================================
Received Import Request.
  Time since last request: 17.989343 seconds.
  path: Assets/Prefabs/MulticolorCeleste 1.prefab
  artifactKey: Guid(c304e4c6b0f300546976bf5d8050947d) Importer(815301076,1909f56bfc062723c751e8b465ee728b)
Start importing Assets/Prefabs/MulticolorCeleste 1.prefab using Guid(c304e4c6b0f300546976bf5d8050947d) Importer(815301076,1909f56bfc062723c751e8b465ee728b)  -> (artifact id: '39b3bee43812949604f523b04f58ed76') in 0.023786 seconds
  Import took 0.033464 seconds .

========================================================================
Received Import Request.
  Time since last request: 0.005810 seconds.
  path: Assets/Prefabs/MulticolorCeleste 1.prefab
  artifactKey: Guid(c304e4c6b0f300546976bf5d8050947d) Importer(815301076,1909f56bfc062723c751e8b465ee728b)
Start importing Assets/Prefabs/MulticolorCeleste 1.prefab using Guid(c304e4c6b0f300546976bf5d8050947d) Importer(815301076,1909f56bfc062723c751e8b465ee728b)  -> (artifact id: '39b3bee43812949604f523b04f58ed76') in 0.009450 seconds
  Import took 0.020902 seconds .

========================================================================
Received Import Request.
  Time since last request: 31.822715 seconds.
  path: Assets/Prefabs/MulticolorCeleste 1.prefab
  artifactKey: Guid(c304e4c6b0f300546976bf5d8050947d) Importer(815301076,1909f56bfc062723c751e8b465ee728b)
Start importing Assets/Prefabs/MulticolorCeleste 1.prefab using Guid(c304e4c6b0f300546976bf5d8050947d) Importer(815301076,1909f56bfc062723c751e8b465ee728b)  -> (artifact id: 'd4dbd281ef7aecf1dec11fbe578ba339') in 0.016847 seconds
  Import took 0.034919 seconds .

========================================================================
Received Import Request.
  Time since last request: 9.551171 seconds.
  path: Assets/Prefabs/MulticolorCeleste2.prefab
  artifactKey: Guid(c304e4c6b0f300546976bf5d8050947d) Importer(815301076,1909f56bfc062723c751e8b465ee728b)
Start importing Assets/Prefabs/MulticolorCeleste2.prefab using Guid(c304e4c6b0f300546976bf5d8050947d) Importer(815301076,1909f56bfc062723c751e8b465ee728b)  -> (artifact id: '732c053fceb05033a1e3ac9b18a5a14a') in 0.024339 seconds
  Import took 0.033834 seconds .

========================================================================
Received Import Request.
  Time since last request: 37.846122 seconds.
  path: Assets/Prefabs/MulticolorCeleste 1.prefab
  artifactKey: Guid(081d86b7ef9c0ea46ae2d2f9b6e59b2a) Importer(815301076,1909f56bfc062723c751e8b465ee728b)
Start importing Assets/Prefabs/MulticolorCeleste 1.prefab using Guid(081d86b7ef9c0ea46ae2d2f9b6e59b2a) Importer(815301076,1909f56bfc062723c751e8b465ee728b)  -> (artifact id: '5acd89d482807f65d42016fc5e9a91bc') in 0.013816 seconds
  Import took 0.026193 seconds .

========================================================================
Received Import Request.
  Time since last request: 0.006613 seconds.
  path: Assets/Prefabs/MulticolorCeleste 1.prefab
  artifactKey: Guid(081d86b7ef9c0ea46ae2d2f9b6e59b2a) Importer(815301076,1909f56bfc062723c751e8b465ee728b)
Start importing Assets/Prefabs/MulticolorCeleste 1.prefab using Guid(081d86b7ef9c0ea46ae2d2f9b6e59b2a) Importer(815301076,1909f56bfc062723c751e8b465ee728b)  -> (artifact id: '5acd89d482807f65d42016fc5e9a91bc') in 0.011509 seconds
  Import took 0.024106 seconds .

========================================================================
Received Import Request.
  Time since last request: 15.693556 seconds.
  path: Assets/Prefabs/MulticolorAmarillo.prefab
  artifactKey: Guid(081d86b7ef9c0ea46ae2d2f9b6e59b2a) Importer(815301076,1909f56bfc062723c751e8b465ee728b)
Start importing Assets/Prefabs/MulticolorAmarillo.prefab using Guid(081d86b7ef9c0ea46ae2d2f9b6e59b2a) Importer(815301076,1909f56bfc062723c751e8b465ee728b)  -> (artifact id: '15c5574349adc17ca6b72799688c7cd3') in 0.037749 seconds
  Import took 0.055585 seconds .

========================================================================
Received Import Request.
  Time since last request: 0.008794 seconds.
  path: Assets/Prefabs/MulticolorAmarillo.prefab
  artifactKey: Guid(081d86b7ef9c0ea46ae2d2f9b6e59b2a) Importer(815301076,1909f56bfc062723c751e8b465ee728b)
Start importing Assets/Prefabs/MulticolorAmarillo.prefab using Guid(081d86b7ef9c0ea46ae2d2f9b6e59b2a) Importer(815301076,1909f56bfc062723c751e8b465ee728b)  -> (artifact id: '15c5574349adc17ca6b72799688c7cd3') in 0.011442 seconds
  Import took 0.023362 seconds .

========================================================================
Received Import Request.
  Time since last request: 39.063240 seconds.
  path: Assets/Prefabs/MulticolorAmarillo.prefab
  artifactKey: Guid(081d86b7ef9c0ea46ae2d2f9b6e59b2a) Importer(815301076,1909f56bfc062723c751e8b465ee728b)
Start importing Assets/Prefabs/MulticolorAmarillo.prefab using Guid(081d86b7ef9c0ea46ae2d2f9b6e59b2a) Importer(815301076,1909f56bfc062723c751e8b465ee728b)  -> (artifact id: '9d720540b81ab7790583b4895b4bc0b1') in 0.011501 seconds
  Import took 0.023536 seconds .

========================================================================
Received Import Request.
  Time since last request: 38.808746 seconds.
  path: Assets/Prefabs/diamantePastel.prefab
  artifactKey: Guid(4ad25bde3bc2fe547920bb3ecb8f6e35) Importer(815301076,1909f56bfc062723c751e8b465ee728b)
Start importing Assets/Prefabs/diamantePastel.prefab using Guid(4ad25bde3bc2fe547920bb3ecb8f6e35) Importer(815301076,1909f56bfc062723c751e8b465ee728b)  -> (artifact id: '6b279d2644b285187abfcd8e47e2175f') in 0.042325 seconds
  Import took 0.052238 seconds .

========================================================================
Received Import Request.
  Time since last request: 16.696350 seconds.
  path: Assets/Prefabs/diamantePastel.prefab
  artifactKey: Guid(4ad25bde3bc2fe547920bb3ecb8f6e35) Importer(815301076,1909f56bfc062723c751e8b465ee728b)
Start importing Assets/Prefabs/diamantePastel.prefab using Guid(4ad25bde3bc2fe547920bb3ecb8f6e35) Importer(815301076,1909f56bfc062723c751e8b465ee728b)  -> (artifact id: '7a5c52402536b717c6a3cb747df4c025') in 0.020896 seconds
  Import took 0.027526 seconds .

========================================================================
Received Import Request.
  Time since last request: 11.891225 seconds.
  path: Assets/Prefabs/diamantePastel.prefab
  artifactKey: Guid(4ad25bde3bc2fe547920bb3ecb8f6e35) Importer(815301076,1909f56bfc062723c751e8b465ee728b)
Start importing Assets/Prefabs/diamantePastel.prefab using Guid(4ad25bde3bc2fe547920bb3ecb8f6e35) Importer(815301076,1909f56bfc062723c751e8b465ee728b)  -> (artifact id: 'dfc0f7959864e315f32a0ade349d8f6c') in 0.056085 seconds
  Import took 0.075573 seconds .

========================================================================
Received Import Request.
  Time since last request: 3.000639 seconds.
  path: Assets/Prefabs/diamantePastel.prefab
  artifactKey: Guid(4ad25bde3bc2fe547920bb3ecb8f6e35) Importer(815301076,1909f56bfc062723c751e8b465ee728b)
Start importing Assets/Prefabs/diamantePastel.prefab using Guid(4ad25bde3bc2fe547920bb3ecb8f6e35) Importer(815301076,1909f56bfc062723c751e8b465ee728b)  -> (artifact id: '72d0dd52e61123a4f4ec50b802fd8455') in 0.038636 seconds
  Import took 0.051087 seconds .

========================================================================
Received Import Request.
  Time since last request: 2.563143 seconds.
  path: Assets/Prefabs/diamantePastel.prefab
  artifactKey: Guid(4ad25bde3bc2fe547920bb3ecb8f6e35) Importer(815301076,1909f56bfc062723c751e8b465ee728b)
Start importing Assets/Prefabs/diamantePastel.prefab using Guid(4ad25bde3bc2fe547920bb3ecb8f6e35) Importer(815301076,1909f56bfc062723c751e8b465ee728b)  -> (artifact id: '6b2f7bca7528a472087eaae4adc34bf0') in 0.069559 seconds
  Import took 0.090879 seconds .

========================================================================
Received Import Request.
  Time since last request: 4.170545 seconds.
  path: Assets/Prefabs/diamantePastel.prefab
  artifactKey: Guid(4ad25bde3bc2fe547920bb3ecb8f6e35) Importer(815301076,1909f56bfc062723c751e8b465ee728b)
Start importing Assets/Prefabs/diamantePastel.prefab using Guid(4ad25bde3bc2fe547920bb3ecb8f6e35) Importer(815301076,1909f56bfc062723c751e8b465ee728b)  -> (artifact id: '28ea0be1ba4b7850c66169fde1956221') in 0.046242 seconds
  Import took 0.059307 seconds .

========================================================================
Received Import Request.
  Time since last request: 4.963739 seconds.
  path: Assets/Prefabs/diamantePastel.prefab
  artifactKey: Guid(4ad25bde3bc2fe547920bb3ecb8f6e35) Importer(815301076,1909f56bfc062723c751e8b465ee728b)
Start importing Assets/Prefabs/diamantePastel.prefab using Guid(4ad25bde3bc2fe547920bb3ecb8f6e35) Importer(815301076,1909f56bfc062723c751e8b465ee728b)  -> (artifact id: '8d9bef7322f6df2945da43b2381639c8') in 0.030880 seconds
  Import took 0.040538 seconds .

========================================================================
Received Prepare
Registering precompiled user dll's ...
Registered in 0.002166 seconds.
Begin MonoManager ReloadAssembly
Native extension for WindowsStandalone target not found
Refreshing native plugins compatible for Editor in 0.70 ms, found 0 plugins.
Preloading 0 native plugins for Editor in 0.00 ms.
Invoked RoslynAnalysisRunner static constructor.
RoslynAnalysisRunner will not be running.
RoslynAnalysisRunner has terminated.
Mono: successfully reloaded assembly
- Completed reload, in  2.827 seconds
Platform modules already initialized, skipping
Switching build target platform(5) subTarget(0) extendedPlatform(0) -> platform(13) subTarget(537395200) extendedPlatform(0)
Shader 'Universal Render Pipeline/Particles/Lit': fallback shader 'Universal Render Pipeline/Particles/SimpleLit' not found
Refreshing native plugins compatible for Editor in 0.83 ms, found 0 plugins.
Preloading 0 native plugins for Editor in 0.00 ms.
Unloading 2326 Unused Serialized files (Serialized files now loaded: 0)
System memory in use before: 107.6 MB.
System memory in use after: 107.8 MB.

Unloading 6 unused Assets to reduce memory usage. Loaded Objects now: 2939.
Total: 5.806500 ms (FindLiveObjects: 0.705200 ms CreateObjectMapping: 0.402500 ms MarkObjects: 4.564100 ms  DeleteObjects: 0.131600 ms)

AssetImportParameters requested are different than current active one (requested -> active):
  custom:graphics/normal-map-encoding: 01000000000000000000000000000000 -> 02000000000000000000000000000000
========================================================================
Received Import Request.
  Time since last request: 137.221563 seconds.
  path: Assets/Prefabs/diamante Blanco.prefab
  artifactKey: Guid(01e66b58ad1b6c84093d5ed58fec7df0) Importer(815301076,1909f56bfc062723c751e8b465ee728b)
Start importing Assets/Prefabs/diamante Blanco.prefab using Guid(01e66b58ad1b6c84093d5ed58fec7df0) Importer(815301076,1909f56bfc062723c751e8b465ee728b)  -> (artifact id: '1d9b81c9c01af65e2f1199389cc50d93') in 0.145318 seconds
  Import took 0.154227 seconds .

========================================================================
Received Import Request.
  Time since last request: 4.912332 seconds.
  path: Assets/Prefabs/diamante Blanco.prefab
  artifactKey: Guid(01e66b58ad1b6c84093d5ed58fec7df0) Importer(815301076,1909f56bfc062723c751e8b465ee728b)
Start importing Assets/Prefabs/diamante Blanco.prefab using Guid(01e66b58ad1b6c84093d5ed58fec7df0) Importer(815301076,1909f56bfc062723c751e8b465ee728b)  -> (artifact id: 'bbd92520a544e5684718ae280c9f85ed') in 0.026610 seconds
  Import took 0.040282 seconds .

========================================================================
Received Import Request.
  Time since last request: 23.884296 seconds.
  path: Assets/Prefabs/diamante Blanco.prefab
  artifactKey: Guid(01e66b58ad1b6c84093d5ed58fec7df0) Importer(815301076,1909f56bfc062723c751e8b465ee728b)
Start importing Assets/Prefabs/diamante Blanco.prefab using Guid(01e66b58ad1b6c84093d5ed58fec7df0) Importer(815301076,1909f56bfc062723c751e8b465ee728b)  -> (artifact id: 'd1db4793f56758166e59b9b9a9cb813e') in 0.029009 seconds
  Import took 0.039663 seconds .

========================================================================
Received Prepare
Registering precompiled user dll's ...
Registered in 0.003345 seconds.
Begin MonoManager ReloadAssembly
Native extension for WindowsStandalone target not found
Refreshing native plugins compatible for Editor in 0.71 ms, found 0 plugins.
Preloading 0 native plugins for Editor in 0.00 ms.
Invoked RoslynAnalysisRunner static constructor.
RoslynAnalysisRunner will not be running.
RoslynAnalysisRunner has terminated.
Mono: successfully reloaded assembly
- Completed reload, in  2.580 seconds
Platform modules already initialized, skipping
Switching build target platform(5) subTarget(0) extendedPlatform(0) -> platform(13) subTarget(537395200) extendedPlatform(0)
Shader 'Universal Render Pipeline/Particles/Lit': fallback shader 'Universal Render Pipeline/Particles/SimpleLit' not found
Refreshing native plugins compatible for Editor in 0.84 ms, found 0 plugins.
Preloading 0 native plugins for Editor in 0.00 ms.
Unloading 2326 Unused Serialized files (Serialized files now loaded: 0)
System memory in use before: 107.6 MB.
System memory in use after: 107.8 MB.

Unloading 6 unused Assets to reduce memory usage. Loaded Objects now: 2943.
Total: 6.681500 ms (FindLiveObjects: 0.974900 ms CreateObjectMapping: 0.502600 ms MarkObjects: 5.030800 ms  DeleteObjects: 0.168800 ms)

AssetImportParameters requested are different than current active one (requested -> active):
  custom:graphics/normal-map-encoding: 01000000000000000000000000000000 -> 02000000000000000000000000000000
AssetImportWorkerClient::OnTransportError - code=2 error=End of file
